0001_0010_0010_0060_0060.jpg 1 10 10 60 60
0002_0049_0040_0030_0030.jpg 1 49 40 30 30
0003_0007_0008_0069_0069.jpg 1 7 8 69 69
0004_0046_0051_0027_0027.jpg 1 46 51 27 27
0005_0028_0010_0052_0052.jpg 1 28 10 52 52
0006_0027_0023_0047_0047.jpg 1 27 23 47 47
0007_0046_0019_0041_0041.jpg 1 46 19 41 41
0008_0034_0028_0030_0030.jpg 1 34 28 30 30
0009_0009_0010_0068_0068.jpg 1 9 10 68 68
0010_0030_0022_0059_0059.jpg 1 30 22 59 59
0011_0050_0013_0031_0031.jpg 1 50 13 31 31
0012_0041_0025_0044_0044.jpg 1 41 25 44 44
0013_0033_0038_0047_0047.jpg 1 33 38 47 47
0014_0030_0045_0034_0034.jpg 1 30 45 34 34
0015_0041_0030_0034_0034.jpg 1 41 30 34 34
0016_0034_0038_0046_0046.jpg 1 34 38 46 46
0017_0012_0016_0062_0062.jpg 1 12 16 62 62
0018_0008_0038_0037_0037.jpg 1 8 38 37 37
0019_0019_0039_0050_0050.jpg 1 19 39 50 50
0020_0029_0009_0054_0054.jpg 1 29 9 54 54
0021_0009_0006_0062_0062.jpg 1 9 6 62 62
0022_0014_0017_0045_0045.jpg 1 14 17 45 45
0023_0035_0045_0043_0043.jpg 1 35 45 43 43
0024_0036_0021_0052_0052.jpg 1 36 21 52 52
0025_0021_0010_0045_0045.jpg 1 21 10 45 45
0026_0015_0027_0033_0033.jpg 1 15 27 33 33
0027_0015_0007_0048_0048.jpg 1 15 7 48 48
0028_0025_0037_0025_0025.jpg 1 25 37 25 25
0029_0013_0011_0042_0042.jpg 1 13 11 42 42
0030_0025_0025_0050_0050.jpg 1 25 25 50 50
0031_0013_0013_0035_0035.jpg 1 13 13 35 35
0032_0029_0019_0058_0058.jpg 1 29 19 58 58
0033_0029_0044_0043_0043.jpg 1 29 44 43 43
0034_0010_0018_0067_0067.jpg 1 10 18 67 67
0035_0023_0047_0034_0034.jpg 1 23 47 34 34
0036_0008_0009_0050_0050.jpg 1 8 9 50 50
0037_0022_0018_0049_0049.jpg 1 22 18 49 49
0038_0009_0020_0045_0045.jpg 1 9 20 45 45
0039_0018_0009_0062_0062.jpg 1 18 9 62 62
0040_0019_0039_0032_0032.jpg 1 19 39 32 32
0041_0038_0011_0047_0047.jpg 1 38 11 47 47
0042_0044_0053_0026_0026.jpg 1 44 53 26 26
0043_0009_0029_0049_0049.jpg 1 9 29 49 49
0044_0034_0035_0028_0028.jpg 1 34 35 28 28
0045_0022_0009_0063_0063.jpg 1 22 9 63 63
0046_0025_0036_0042_0042.jpg 1 25 36 42 42
0047_0040_0033_0037_0037.jpg 1 40 33 37 37
0048_0010_0031_0050_0050.jpg 1 10 31 50 50
0049_0027_0027_0025_0025.jpg 1 27 27 25 25
0050_0026_0006_0049_0049.jpg 1 26 6 49 49
0051_0057_0034_0026_0026.jpg 1 57 34 26 26
0052_0014_0026_0065_0065.jpg 1 14 26 65 65
0053_0019_0018_0024_0024.jpg 1 19 18 24 24
0054_0036_0027_0028_0028.jpg 1 36 27 28 28
0055_0033_0053_0031_0031.jpg 1 33 53 31 31
0056_0032_0019_0031_0031.jpg 1 32 19 31 31
0057_0016_0010_0057_0057.jpg 1 16 10 57 57
0058_0029_0015_0042_0042.jpg 1 29 15 42 42
0059_0029_0015_0036_0036.jpg 1 29 15 36 36
0060_0022_0010_0065_0065.jpg 1 22 10 65 65
0061_0019_0014_0068_0068.jpg 1 19 14 68 68
0062_0016_0013_0063_0063.jpg 1 16 13 63 63
0063_0041_0028_0036_0036.jpg 1 41 28 36 36
0064_0020_0009_0052_0052.jpg 1 20 9 52 52
0065_0021_0024_0030_0030.jpg 1 21 24 30 30
0066_0038_0007_0041_0041.jpg 1 38 7 41 41
0067_0010_0041_0045_0045.jpg 1 10 41 45 45
0068_0009_0020_0063_0063.jpg 1 9 20 63 63
0069_0041_0036_0040_0040.jpg 1 41 36 40 40
0070_0014_0036_0035_0035.jpg 1 14 36 35 35
0071_0023_0019_0047_0047.jpg 1 23 19 47 47
0072_0027_0011_0030_0030.jpg 1 27 11 30 30
0073_0020_0029_0028_0028.jpg 1 20 29 28 28
0074_0016_0022_0042_0042.jpg 1 16 22 42 42
0075_0032_0018_0035_0035.jpg 1 32 18 35 35
0076_0019_0025_0036_0036.jpg 1 19 25 36 36
0077_0013_0016_0038_0038.jpg 1 13 16 38 38
0078_0006_0031_0050_0050.jpg 1 6 31 50 50
0079_0038_0016_0044_0044.jpg 1 38 16 44 44
0080_0011_0045_0043_0043.jpg 1 11 45 43 43
0081_0007_0006_0054_0054.jpg 1 7 6 54 54
0082_0031_0036_0033_0033.jpg 1 31 36 33 33
0083_0015_0033_0054_0054.jpg 1 15 33 54 54
0084_0009_0029_0047_0047.jpg 1 9 29 47 47
0085_0035_0027_0048_0048.jpg 1 35 27 48 48
0086_0026_0021_0044_0044.jpg 1 26 21 44 44
0087_0030_0036_0043_0043.jpg 1 30 36 43 43
0088_0050_0029_0030_0030.jpg 1 50 29 30 30
0089_0039_0019_0040_0040.jpg 1 39 19 40 40
0090_0029_0028_0055_0055.jpg 1 29 28 55 55
0091_0030_0025_0055_0055.jpg 1 30 25 55 55
0092_0009_0009_0063_0063.jpg 1 9 9 63 63
0093_0008_0019_0051_0051.jpg 1 8 19 51 51
0094_0020_0010_0052_0052.jpg 1 20 10 52 52
0095_0038_0013_0036_0036.jpg 1 38 13 36 36
0096_0030_0033_0024_0024.jpg 1 30 33 24 24
0097_0023_0008_0055_0055.jpg 1 23 8 55 55
0098_0009_0007_0037_0037.jpg 1 9 7 37 37
0099_0008_0008_0056_0056.jpg 1 8 8 56 56
0100_0023_0005_0068_0068.jpg 1 23 5 68 68
0101_0011_0025_0066_0066.jpg 1 11 25 66 66
0102_0016_0018_0060_0060.jpg 1 16 18 60 60
0103_0021_0009_0044_0044.jpg 1 21 9 44 44
0104_0051_0045_0028_0028.jpg 1 51 45 28 28
0105_0014_0039_0049_0049.jpg 1 14 39 49 49
0106_0058_0035_0025_0025.jpg 1 58 35 25 25
0107_0012_0039_0040_0040.jpg 1 12 39 40 40
0108_0007_0012_0068_0068.jpg 1 7 12 68 68
0109_0046_0049_0038_0038.jpg 1 46 49 38 38
0110_0043_0044_0039_0039.jpg 1 43 44 39 39
0111_0024_0027_0042_0042.jpg 1 24 27 42 42
0112_0035_0033_0048_0048.jpg 1 35 33 48 48
0113_0007_0007_0060_0060.jpg 1 7 7 60 60
0114_0033_0031_0036_0036.jpg 1 33 31 36 36
0115_0030_0035_0028_0028.jpg 1 30 35 28 28
0116_0027_0032_0058_0058.jpg 1 27 32 58 58
0117_0009_0008_0048_0048.jpg 1 9 8 48 48
0118_0015_0022_0055_0055.jpg 1 15 22 55 55
0119_0006_0044_0043_0043.jpg 1 6 44 43 43
0120_0046_0037_0035_0035.jpg 1 46 37 35 35
0121_0025_0014_0059_0059.jpg 1 25 14 59 59
0122_0022_0027_0063_0063.jpg 1 22 27 63 63
0123_0029_0007_0053_0053.jpg 1 29 7 53 53
0124_0010_0012_0066_0066.jpg 1 10 12 66 66
0125_0026_0022_0042_0042.jpg 1 26 22 42 42
0126_0029_0052_0024_0024.jpg 1 29 52 24 24
0127_0045_0048_0038_0038.jpg 1 45 48 38 38
0128_0013_0005_0061_0061.jpg 1 13 5 61 61
0129_0040_0020_0038_0038.jpg 1 40 20 38 38
0130_0029_0008_0058_0058.jpg 1 29 8 58 58
0131_0033_0033_0058_0058.jpg 1 33 33 58 58
0132_0005_0024_0050_0050.jpg 1 5 24 50 50
0133_0026_0019_0055_0055.jpg 1 26 19 55 55
0134_0033_0027_0054_0054.jpg 1 33 27 54 54
0135_0028_0017_0057_0057.jpg 1 28 17 57 57
0136_0028_0014_0046_0046.jpg 1 28 14 46 46
0137_0016_0018_0037_0037.jpg 1 16 18 37 37
0138_0013_0036_0054_0054.jpg 1 13 36 54 54
0139_0010_0031_0056_0056.jpg 1 10 31 56 56
0140_0012_0010_0056_0056.jpg 1 12 10 56 56
0141_0006_0019_0040_0040.jpg 1 6 19 40 40
0142_0023_0019_0065_0065.jpg 1 23 19 65 65
0143_0007_0050_0024_0024.jpg 1 7 50 24 24
0144_0011_0023_0048_0048.jpg 1 11 23 48 48
0145_0030_0040_0028_0028.jpg 1 30 40 28 28
0146_0013_0020_0068_0068.jpg 1 13 20 68 68
0147_0035_0006_0050_0050.jpg 1 35 6 50 50
0148_0034_0026_0055_0055.jpg 1 34 26 55 55
0149_0020_0011_0041_0041.jpg 1 20 11 41 41
0150_0016_0010_0038_0038.jpg 1 16 10 38 38
0151_0043_0015_0025_0025.jpg 1 43 15 25 25
0152_0012_0039_0047_0047.jpg 1 12 39 47 47
0153_0040_0041_0036_0036.jpg 1 40 41 36 36
0154_0009_0020_0064_0064.jpg 1 9 20 64 64
0155_0008_0038_0051_0051.jpg 1 8 38 51 51
0156_0030_0034_0052_0052.jpg 1 30 34 52 52
0157_0024_0024_0028_0028.jpg 1 24 24 28 28
0158_0013_0034_0043_0043.jpg 1 13 34 43 43
0159_0042_0021_0038_0038.jpg 1 42 21 38 38
0160_0010_0012_0029_0029.jpg 1 10 12 29 29
0161_0018_0011_0035_0035.jpg 1 18 11 35 35
0162_0010_0014_0069_0069.jpg 1 10 14 69 69
0163_0026_0006_0057_0057.jpg 1 26 6 57 57
0164_0009_0004_0068_0068.jpg 1 9 4 68 68
0165_0010_0028_0044_0044.jpg 1 10 28 44 44
0166_0023_0015_0024_0024.jpg 1 23 15 24 24
0167_0009_0014_0048_0048.jpg 1 9 14 48 48
0168_0009_0023_0060_0060.jpg 1 9 23 60 60
0169_0049_0023_0033_0033.jpg 1 49 23 33 33
0170_0023_0023_0067_0067.jpg 1 23 23 67 67
0171_0036_0018_0032_0032.jpg 1 36 18 32 32
0172_0004_0013_0067_0067.jpg 1 4 13 67 67
0173_0050_0049_0027_0027.jpg 1 50 49 27 27
0174_0006_0050_0034_0034.jpg 1 6 50 34 34
0175_0021_0037_0048_0048.jpg 1 21 37 48 48
0176_0032_0034_0046_0046.jpg 1 32 34 46 46
0177_0008_0024_0041_0041.jpg 1 8 24 41 41
0178_0007_0052_0033_0033.jpg 1 7 52 33 33
0179_0004_0022_0060_0060.jpg 1 4 22 60 60
0180_0023_0025_0059_0059.jpg 1 23 25 59 59
0181_0009_0026_0062_0062.jpg 1 9 26 62 62
0182_0026_0008_0049_0049.jpg 1 26 8 49 49
0183_0019_0019_0056_0056.jpg 1 19 19 56 56
0184_0030_0027_0046_0046.jpg 1 30 27 46 46
0185_0006_0005_0069_0069.jpg 1 6 5 69 69
0186_0049_0030_0038_0038.jpg 1 49 30 38 38
0187_0013_0022_0069_0069.jpg 1 13 22 69 69
0188_0042_0012_0040_0040.jpg 1 42 12 40 40
0189_0030_0014_0033_0033.jpg 1 30 14 33 33
0190_0037_0027_0047_0047.jpg 1 37 27 47 47
0191_0017_0035_0028_0028.jpg 1 17 35 28 28
0192_0017_0009_0037_0037.jpg 1 17 9 37 37
0193_0018_0011_0055_0055.jpg 1 18 11 55 55
0194_0030_0011_0058_0058.jpg 1 30 11 58 58
0195_0029_0019_0057_0057.jpg 1 29 19 57 57
0196_0042_0007_0035_0035.jpg 1 42 7 35 35
0197_0033_0018_0036_0036.jpg 1 33 18 36 36
0198_0008_0015_0060_0060.jpg 1 8 15 60 60
0199_0037_0029_0052_0052.jpg 1 37 29 52 52
0200_0019_0019_0032_0032.jpg 1 19 19 32 32
0201_0022_0014_0067_0067.jpg 1 22 14 67 67
0202_0009_0015_0067_0067.jpg 1 9 15 67 67
0203_0024_0008_0058_0058.jpg 1 24 8 58 58
0204_0042_0031_0024_0024.jpg 1 42 31 24 24
0205_0025_0037_0051_0051.jpg 1 25 37 51 51
0206_0030_0045_0043_0043.jpg 1 30 45 43 43
0207_0015_0025_0048_0048.jpg 1 15 25 48 48
0208_0018_0018_0069_0069.jpg 1 18 18 69 69
0209_0046_0047_0028_0028.jpg 1 46 47 28 28
0210_0015_0007_0058_0058.jpg 1 15 7 58 58
0211_0044_0017_0035_0035.jpg 1 44 17 35 35
0212_0016_0015_0068_0068.jpg 1 16 15 68 68
0213_0018_0028_0043_0043.jpg 1 18 28 43 43
0214_0024_0019_0058_0058.jpg 1 24 19 58 58
0215_0005_0021_0061_0061.jpg 1 5 21 61 61
0216_0031_0038_0041_0041.jpg 1 31 38 41 41
0217_0007_0023_0065_0065.jpg 1 7 23 65 65
0218_0049_0023_0034_0034.jpg 1 49 23 34 34
0219_0016_0011_0064_0064.jpg 1 16 11 64 64
0220_0032_0031_0054_0054.jpg 1 32 31 54 54
0221_0010_0032_0050_0050.jpg 1 10 32 50 50
0222_0031_0043_0035_0035.jpg 1 31 43 35 35
0223_0008_0018_0055_0055.jpg 1 8 18 55 55
0224_0013_0035_0032_0032.jpg 1 13 35 32 32
0225_0023_0025_0065_0065.jpg 1 23 25 65 65
0226_0028_0031_0045_0045.jpg 1 28 31 45 45
0227_0006_0012_0065_0065.jpg 1 6 12 65 65
0228_0009_0031_0050_0050.jpg 1 9 31 50 50
0229_0018_0021_0032_0032.jpg 1 18 21 32 32
0230_0020_0049_0030_0030.jpg 1 20 49 30 30
0231_0019_0031_0054_0054.jpg 1 19 31 54 54
0232_0012_0006_0062_0062.jpg 1 12 6 62 62
0233_0013_0025_0065_0065.jpg 1 13 25 65 65
0234_0020_0025_0031_0031.jpg 1 20 25 31 31
0235_0009_0011_0059_0059.jpg 1 9 11 59 59
0236_0022_0037_0052_0052.jpg 1 22 37 52 52
0237_0026_0006_0065_0065.jpg 1 26 6 65 65
0238_0034_0005_0054_0054.jpg 1 34 5 54 54
0239_0044_0018_0044_0044.jpg 1 44 18 44 44
0240_0019_0027_0059_0059.jpg 1 19 27 59 59
0241_0007_0033_0054_0054.jpg 1 7 33 54 54
0242_0040_0010_0038_0038.jpg 1 40 10 38 38
0243_0013_0035_0046_0046.jpg 1 13 35 46 46
0244_0036_0013_0048_0048.jpg 1 36 13 48 48
0245_0008_0039_0046_0046.jpg 1 8 39 46 46
0246_0021_0018_0044_0044.jpg 1 21 18 44 44
0247_0009_0044_0024_0024.jpg 1 9 44 24 24
0248_0014_0026_0038_0038.jpg 1 14 26 38 38
0249_0010_0023_0025_0025.jpg 1 10 23 25 25
0250_0024_0016_0049_0049.jpg 1 24 16 49 49
0251_0051_0047_0035_0035.jpg 1 51 47 35 35
0252_0023_0024_0059_0059.jpg 1 23 24 59 59
0253_0025_0029_0055_0055.jpg 1 25 29 55 55
0254_0060_0021_0024_0024.jpg 1 60 21 24 24
0255_0008_0009_0040_0040.jpg 1 8 9 40 40
0256_0019_0011_0065_0065.jpg 1 19 11 65 65
0257_0037_0007_0035_0035.jpg 1 37 7 35 35
0258_0012_0005_0052_0052.jpg 1 12 5 52 52
0259_0020_0007_0061_0061.jpg 1 20 7 61 61
0260_0037_0011_0046_0046.jpg 1 37 11 46 46
0261_0031_0029_0040_0040.jpg 1 31 29 40 40
0262_0040_0040_0033_0033.jpg 1 40 40 33 33
0263_0008_0005_0059_0059.jpg 1 8 5 59 59
0264_0024_0041_0032_0032.jpg 1 24 41 32 32
0265_0014_0015_0062_0062.jpg 1 14 15 62 62
0266_0017_0028_0058_0058.jpg 1 17 28 58 58
0267_0051_0035_0026_0026.jpg 1 51 35 26 26
0268_0011_0006_0065_0065.jpg 1 11 6 65 65
0269_0008_0022_0059_0059.jpg 1 8 22 59 59
0270_0013_0034_0029_0029.jpg 1 13 34 29 29
0271_0021_0011_0041_0041.jpg 1 21 11 41 41
0272_0019_0039_0039_0039.jpg 1 19 39 39 39
0273_0036_0027_0054_0054.jpg 1 36 27 54 54
0274_0005_0007_0061_0061.jpg 1 5 7 61 61
0275_0007_0014_0061_0061.jpg 1 7 14 61 61
0276_0035_0025_0042_0042.jpg 1 35 25 42 42
0277_0021_0010_0036_0036.jpg 1 21 10 36 36
0278_0019_0037_0029_0029.jpg 1 19 37 29 29
0279_0012_0026_0058_0058.jpg 1 12 26 58 58
0280_0006_0021_0060_0060.jpg 1 6 21 60 60
0281_0028_0026_0061_0061.jpg 1 28 26 61 61
0282_0018_0020_0060_0060.jpg 1 18 20 60 60
0283_0020_0029_0058_0058.jpg 1 20 29 58 58
0284_0017_0026_0044_0044.jpg 1 17 26 44 44
0285_0013_0028_0054_0054.jpg 1 13 28 54 54
0286_0012_0044_0032_0032.jpg 1 12 44 32 32
0287_0024_0007_0067_0067.jpg 1 24 7 67 67
0288_0029_0024_0049_0049.jpg 1 29 24 49 49
0289_0014_0029_0047_0047.jpg 1 14 29 47 47
0290_0057_0050_0027_0027.jpg 1 57 50 27 27
0291_0003_0015_0063_0063.jpg 1 3 15 63 63
0292_0014_0028_0061_0061.jpg 1 14 28 61 61
0293_0018_0010_0031_0031.jpg 1 18 10 31 31
0294_0034_0016_0050_0050.jpg 1 34 16 50 50
0295_0024_0022_0067_0067.jpg 1 24 22 67 67
0296_0045_0007_0043_0043.jpg 1 45 7 43 43
0297_0018_0028_0054_0054.jpg 1 18 28 54 54
0298_0015_0007_0041_0041.jpg 1 15 7 41 41
0299_0005_0006_0066_0066.jpg 1 5 6 66 66
0300_0018_0005_0051_0051.jpg 1 18 5 51 51
0301_0006_0018_0056_0056.jpg 1 6 18 56 56
0302_0044_0036_0039_0039.jpg 1 44 36 39 39
0303_0009_0054_0026_0026.jpg 1 9 54 26 26
0304_0025_0028_0048_0048.jpg 1 25 28 48 48
0305_0012_0030_0029_0029.jpg 1 12 30 29 29
0306_0008_0037_0051_0051.jpg 1 8 37 51 51
0307_0027_0016_0025_0025.jpg 1 27 16 25 25
0308_0016_0012_0065_0065.jpg 1 16 12 65 65
0309_0011_0028_0061_0061.jpg 1 11 28 61 61
0310_0023_0048_0032_0032.jpg 1 23 48 32 32
0311_0033_0050_0026_0026.jpg 1 33 50 26 26
0312_0021_0028_0039_0039.jpg 1 21 28 39 39
0313_0019_0033_0045_0045.jpg 1 19 33 45 45
0314_0035_0006_0046_0046.jpg 1 35 6 46 46
0315_0021_0041_0048_0048.jpg 1 21 41 48 48
0316_0014_0016_0041_0041.jpg 1 14 16 41 41
0317_0047_0022_0026_0026.jpg 1 47 22 26 26
0318_0025_0025_0062_0062.jpg 1 25 25 62 62
0319_0045_0043_0029_0029.jpg 1 45 43 29 29
0320_0012_0005_0052_0052.jpg 1 12 5 52 52
0321_0017_0006_0058_0058.jpg 1 17 6 58 58
0322_0036_0023_0053_0053.jpg 1 36 23 53 53
0323_0021_0020_0060_0060.jpg 1 21 20 60 60
0324_0017_0014_0065_0065.jpg 1 17 14 65 65
0325_0032_0008_0036_0036.jpg 1 32 8 36 36
0326_0021_0039_0042_0042.jpg 1 21 39 42 42
0327_0030_0032_0032_0032.jpg 1 30 32 32 32
0328_0024_0007_0060_0060.jpg 1 24 7 60 60
0329_0016_0026_0049_0049.jpg 1 16 26 49 49
0330_0029_0011_0060_0060.jpg 1 29 11 60 60
0331_0049_0040_0033_0033.jpg 1 49 40 33 33
0332_0013_0017_0040_0040.jpg 1 13 17 40 40
0333_0035_0036_0052_0052.jpg 1 35 36 52 52
0334_0019_0044_0038_0038.jpg 1 19 44 38 38
0335_0009_0017_0057_0057.jpg 1 9 17 57 57
0336_0030_0011_0048_0048.jpg 1 30 11 48 48
0337_0015_0026_0027_0027.jpg 1 15 26 27 27
0338_0046_0008_0040_0040.jpg 1 46 8 40 40
0339_0017_0009_0069_0069.jpg 1 17 9 69 69
0340_0051_0052_0028_0028.jpg 1 51 52 28 28
0341_0023_0020_0060_0060.jpg 1 23 20 60 60
0342_0011_0041_0048_0048.jpg 1 11 41 48 48
0343_0022_0005_0066_0066.jpg 1 22 5 66 66
0344_0028_0025_0063_0063.jpg 1 28 25 63 63
0345_0013_0014_0059_0059.jpg 1 13 14 59 59
0346_0012_0021_0053_0053.jpg 1 12 21 53 53
0347_0011_0031_0061_0061.jpg 1 11 31 61 61
0348_0041_0039_0029_0029.jpg 1 41 39 29 29
0349_0029_0011_0060_0060.jpg 1 29 11 60 60
0350_0026_0033_0045_0045.jpg 1 26 33 45 45
0351_0029_0040_0032_0032.jpg 1 29 40 32 32
0352_0027_0027_0047_0047.jpg 1 27 27 47 47
0353_0027_0028_0056_0056.jpg 1 27 28 56 56
0354_0028_0045_0038_0038.jpg 1 28 45 38 38
0355_0024_0023_0066_0066.jpg 1 24 23 66 66
0356_0038_0020_0027_0027.jpg 1 38 20 27 27
0357_0029_0036_0047_0047.jpg 1 29 36 47 47
0358_0028_0024_0050_0050.jpg 1 28 24 50 50
0359_0035_0014_0049_0049.jpg 1 35 14 49 49
0360_0011_0025_0039_0039.jpg 1 11 25 39 39
0361_0014_0046_0027_0027.jpg 1 14 46 27 27
0362_0006_0020_0059_0059.jpg 1 6 20 59 59
0363_0011_0017_0058_0058.jpg 1 11 17 58 58
0364_0020_0012_0050_0050.jpg 1 20 12 50 50
0365_0016_0008_0067_0067.jpg 1 16 8 67 67
0366_0037_0042_0033_0033.jpg 1 37 42 33 33
0367_0044_0046_0026_0026.jpg 1 44 46 26 26
0368_0021_0031_0048_0048.jpg 1 21 31 48 48
0369_0040_0005_0047_0047.jpg 1 40 5 47 47
0370_0022_0016_0050_0050.jpg 1 22 16 50 50
0371_0021_0033_0058_0058.jpg 1 21 33 58 58
0372_0012_0040_0044_0044.jpg 1 12 40 44 44
0373_0023_0019_0059_0059.jpg 1 23 19 59 59
0374_0043_0033_0041_0041.jpg 1 43 33 41 41
0375_0026_0052_0030_0030.jpg 1 26 52 30 30
0376_0030_0027_0055_0055.jpg 1 30 27 55 55
0377_0031_0018_0047_0047.jpg 1 31 18 47 47
0378_0027_0026_0036_0036.jpg 1 27 26 36 36
0379_0015_0022_0068_0068.jpg 1 15 22 68 68
0380_0040_0015_0043_0043.jpg 1 40 15 43 43
0381_0024_0018_0054_0054.jpg 1 24 18 54 54
0382_0028_0024_0046_0046.jpg 1 28 24 46 46
0383_0027_0011_0064_0064.jpg 1 27 11 64 64
0384_0030_0027_0049_0049.jpg 1 30 27 49 49
0385_0034_0006_0042_0042.jpg 1 34 6 42 42
0386_0045_0029_0025_0025.jpg 1 45 29 25 25
0387_0043_0045_0038_0038.jpg 1 43 45 38 38
0388_0010_0034_0056_0056.jpg 1 10 34 56 56
0389_0042_0021_0031_0031.jpg 1 42 21 31 31
0390_0012_0037_0026_0026.jpg 1 12 37 26 26
0391_0012_0022_0058_0058.jpg 1 12 22 58 58
0392_0056_0046_0026_0026.jpg 1 56 46 26 26
0393_0026_0016_0057_0057.jpg 1 26 16 57 57
0394_0015_0018_0053_0053.jpg 1 15 18 53 53
0395_0024_0022_0061_0061.jpg 1 24 22 61 61
0396_0025_0044_0035_0035.jpg 1 25 44 35 35
0397_0019_0008_0067_0067.jpg 1 19 8 67 67
0398_0008_0028_0025_0025.jpg 1 8 28 25 25
0399_0017_0018_0050_0050.jpg 1 17 18 50 50
0400_0006_0023_0054_0054.jpg 1 6 23 54 54
0401_0021_0022_0041_0041.jpg 1 21 22 41 41
0402_0036_0013_0052_0052.jpg 1 36 13 52 52
0403_0012_0019_0047_0047.jpg 1 12 19 47 47
0404_0017_0027_0057_0057.jpg 1 17 27 57 57
0405_0020_0004_0067_0067.jpg 1 20 4 67 67
0406_0044_0043_0042_0042.jpg 1 44 43 42 42
0407_0017_0041_0040_0040.jpg 1 17 41 40 40
0408_0018_0026_0060_0060.jpg 1 18 26 60 60
0409_0040_0034_0028_0028.jpg 1 40 34 28 28
0410_0012_0032_0058_0058.jpg 1 12 32 58 58
0411_0023_0033_0043_0043.jpg 1 23 33 43 43
0412_0034_0030_0053_0053.jpg 1 34 30 53 53
0413_0047_0017_0040_0040.jpg 1 47 17 40 40
0414_0036_0036_0028_0028.jpg 1 36 36 28 28
0415_0027_0022_0039_0039.jpg 1 27 22 39 39
0416_0028_0016_0050_0050.jpg 1 28 16 50 50
0417_0009_0043_0042_0042.jpg 1 9 43 42 42
0418_0039_0027_0038_0038.jpg 1 39 27 38 38
0419_0018_0024_0068_0068.jpg 1 18 24 68 68
0420_0010_0030_0027_0027.jpg 1 10 30 27 27
0421_0029_0007_0058_0058.jpg 1 29 7 58 58
0422_0027_0016_0065_0065.jpg 1 27 16 65 65
0423_0011_0025_0042_0042.jpg 1 11 25 42 42
0424_0032_0029_0058_0058.jpg 1 32 29 58 58
0425_0052_0025_0025_0025.jpg 1 52 25 25 25
0426_0016_0013_0068_0068.jpg 1 16 13 68 68
0427_0043_0013_0045_0045.jpg 1 43 13 45 45
0428_0019_0027_0057_0057.jpg 1 19 27 57 57
0429_0028_0019_0058_0058.jpg 1 28 19 58 58
0430_0019_0020_0065_0065.jpg 1 19 20 65 65
0431_0029_0006_0061_0061.jpg 1 29 6 61 61
0432_0049_0030_0026_0026.jpg 1 49 30 26 26
0433_0042_0043_0045_0045.jpg 1 42 43 45 45
0434_0021_0037_0044_0044.jpg 1 21 37 44 44
0435_0054_0033_0032_0032.jpg 1 54 33 32 32
0436_0016_0010_0051_0051.jpg 1 16 10 51 51
0437_0020_0038_0048_0048.jpg 1 20 38 48 48
0438_0011_0017_0069_0069.jpg 1 11 17 69 69
0439_0012_0045_0028_0028.jpg 1 12 45 28 28
0440_0012_0025_0051_0051.jpg 1 12 25 51 51
0441_0024_0012_0046_0046.jpg 1 24 12 46 46
0442_0032_0037_0049_0049.jpg 1 32 37 49 49
0443_0012_0036_0041_0041.jpg 1 12 36 41 41
0444_0036_0023_0044_0044.jpg 1 36 23 44 44
0445_0006_0013_0067_0067.jpg 1 6 13 67 67
0446_0020_0032_0049_0049.jpg 1 20 32 49 49
0447_0021_0026_0043_0043.jpg 1 21 26 43 43
0448_0051_0008_0027_0027.jpg 1 51 8 27 27
0449_0008_0011_0058_0058.jpg 1 8 11 58 58
0450_0021_0017_0049_0049.jpg 1 21 17 49 49
0451_0011_0018_0057_0057.jpg 1 11 18 57 57
0452_0031_0024_0031_0031.jpg 1 31 24 31 31
0453_0021_0010_0066_0066.jpg 1 21 10 66 66
0454_0007_0020_0058_0058.jpg 1 7 20 58 58
0455_0028_0059_0024_0024.jpg 1 28 59 24 24
0456_0041_0023_0047_0047.jpg 1 41 23 47 47
0457_0014_0020_0059_0059.jpg 1 14 20 59 59
0458_0009_0021_0034_0034.jpg 1 9 21 34 34
0459_0052_0009_0032_0032.jpg 1 52 9 32 32
0460_0036_0015_0024_0024.jpg 1 36 15 24 24
0461_0005_0019_0064_0064.jpg 1 5 19 64 64
0462_0039_0023_0044_0044.jpg 1 39 23 44 44
0463_0044_0007_0040_0040.jpg 1 44 7 40 40
0464_0023_0032_0059_0059.jpg 1 23 32 59 59
0465_0020_0039_0032_0032.jpg 1 20 39 32 32
0466_0038_0018_0028_0028.jpg 1 38 18 28 28
0467_0040_0008_0031_0031.jpg 1 40 8 31 31
0468_0010_0029_0033_0033.jpg 1 10 29 33 33
0469_0026_0014_0052_0052.jpg 1 26 14 52 52
0470_0039_0036_0050_0050.jpg 1 39 36 50 50
0471_0003_0018_0066_0066.jpg 1 3 18 66 66
0472_0028_0018_0027_0027.jpg 1 28 18 27 27
0473_0025_0031_0051_0051.jpg 1 25 31 51 51
0474_0020_0019_0034_0034.jpg 1 20 19 34 34
0475_0015_0053_0032_0032.jpg 1 15 53 32 32
0476_0017_0007_0042_0042.jpg 1 17 7 42 42
0477_0031_0030_0042_0042.jpg 1 31 30 42 42
0478_0022_0022_0068_0068.jpg 1 22 22 68 68
0479_0007_0028_0055_0055.jpg 1 7 28 55 55
0480_0004_0017_0065_0065.jpg 1 4 17 65 65
0481_0051_0009_0024_0024.jpg 1 51 9 24 24
0482_0004_0006_0063_0063.jpg 1 4 6 63 63
0483_0003_0013_0063_0063.jpg 1 3 13 63 63
0484_0042_0036_0039_0039.jpg 1 42 36 39 39
0485_0054_0027_0031_0031.jpg 1 54 27 31 31
0486_0012_0038_0037_0037.jpg 1 12 38 37 37
0487_0030_0018_0050_0050.jpg 1 30 18 50 50
0488_0014_0018_0024_0024.jpg 1 14 18 24 24
0489_0052_0013_0027_0027.jpg 1 52 13 27 27
0490_0019_0039_0038_0038.jpg 1 19 39 38 38
0491_0037_0010_0036_0036.jpg 1 37 10 36 36
0492_0034_0045_0038_0038.jpg 1 34 45 38 38
0493_0043_0050_0031_0031.jpg 1 43 50 31 31
0494_0008_0018_0062_0062.jpg 1 8 18 62 62
0495_0034_0019_0037_0037.jpg 1 34 19 37 37
0496_0027_0011_0051_0051.jpg 1 27 11 51 51
0497_0010_0009_0044_0044.jpg 1 10 9 44 44
0498_0038_0019_0048_0048.jpg 1 38 19 48 48
0499_0029_0013_0062_0062.jpg 1 29 13 62 62
0500_0014_0018_0051_0051.jpg 1 14 18 51 51
0501_0010_0015_0051_0051.jpg 1 10 15 51 51
0502_0040_0007_0039_0039.jpg 1 40 7 39 39
0503_0026_0030_0050_0050.jpg 1 26 30 50 50
0504_0008_0035_0051_0051.jpg 1 8 35 51 51
0505_0022_0021_0032_0032.jpg 1 22 21 32 32
0506_0033_0009_0050_0050.jpg 1 33 9 50 50
0507_0007_0018_0046_0046.jpg 1 7 18 46 46
0508_0005_0031_0056_0056.jpg 1 5 31 56 56
0509_0030_0012_0027_0027.jpg 1 30 12 27 27
0510_0008_0045_0027_0027.jpg 1 8 45 27 27
0511_0026_0019_0043_0043.jpg 1 26 19 43 43
0512_0017_0016_0052_0052.jpg 1 17 16 52 52
0513_0008_0029_0059_0059.jpg 1 8 29 59 59
0514_0024_0016_0068_0068.jpg 1 24 16 68 68
0515_0041_0026_0042_0042.jpg 1 41 26 42 42
0516_0026_0027_0039_0039.jpg 1 26 27 39 39
0517_0034_0022_0045_0045.jpg 1 34 22 45 45
0518_0017_0023_0069_0069.jpg 1 17 23 69 69
0519_0008_0004_0069_0069.jpg 1 8 4 69 69
0520_0022_0010_0062_0062.jpg 1 22 10 62 62
0521_0021_0021_0068_0068.jpg 1 21 21 68 68
0522_0008_0024_0065_0065.jpg 1 8 24 65 65
0523_0031_0035_0050_0050.jpg 1 31 35 50 50
0524_0022_0007_0052_0052.jpg 1 22 7 52 52
0525_0009_0022_0037_0037.jpg 1 9 22 37 37
0526_0039_0028_0050_0050.jpg 1 39 28 50 50
0527_0022_0027_0035_0035.jpg 1 22 27 35 35
0528_0004_0006_0059_0059.jpg 1 4 6 59 59
0529_0026_0025_0058_0058.jpg 1 26 25 58 58
0530_0013_0023_0035_0035.jpg 1 13 23 35 35
0531_0017_0022_0066_0066.jpg 1 17 22 66 66
0532_0046_0019_0038_0038.jpg 1 46 19 38 38
0533_0019_0035_0050_0050.jpg 1 19 35 50 50
0534_0033_0042_0046_0046.jpg 1 33 42 46 46
0535_0025_0009_0052_0052.jpg 1 25 9 52 52
0536_0028_0007_0061_0061.jpg 1 28 7 61 61
0537_0036_0018_0034_0034.jpg 1 36 18 34 34
0538_0052_0045_0034_0034.jpg 1 52 45 34 34
0539_0046_0040_0026_0026.jpg 1 46 40 26 26
0540_0032_0036_0047_0047.jpg 1 32 36 47 47
0541_0034_0020_0050_0050.jpg 1 34 20 50 50
0542_0007_0024_0060_0060.jpg 1 7 24 60 60
0543_0030_0019_0024_0024.jpg 1 30 19 24 24
0544_0021_0003_0062_0062.jpg 1 21 3 62 62
0545_0032_0015_0059_0059.jpg 1 32 15 59 59
0546_0025_0039_0027_0027.jpg 1 25 39 27 27
0547_0013_0031_0030_0030.jpg 1 13 31 30 30
0548_0028_0028_0064_0064.jpg 1 28 28 64 64
0549_0010_0045_0039_0039.jpg 1 10 45 39 39
0550_0018_0026_0052_0052.jpg 1 18 26 52 52
0551_0021_0035_0037_0037.jpg 1 21 35 37 37
0552_0032_0050_0027_0027.jpg 1 32 50 27 27
0553_0040_0046_0041_0041.jpg 1 40 46 41 41
0554_0004_0029_0060_0060.jpg 1 4 29 60 60
0555_0050_0040_0032_0032.jpg 1 50 40 32 32
0556_0027_0019_0046_0046.jpg 1 27 19 46 46
0557_0009_0016_0066_0066.jpg 1 9 16 66 66
0558_0011_0017_0039_0039.jpg 1 11 17 39 39
0559_0053_0040_0029_0029.jpg 1 53 40 29 29
0560_0031_0048_0035_0035.jpg 1 31 48 35 35
0561_0021_0003_0069_0069.jpg 1 21 3 69 69
0562_0016_0039_0024_0024.jpg 1 16 39 24 24
0563_0022_0022_0045_0045.jpg 1 22 22 45 45
0564_0021_0010_0056_0056.jpg 1 21 10 56 56
0565_0033_0013_0044_0044.jpg 1 33 13 44 44
0566_0041_0043_0038_0038.jpg 1 41 43 38 38
0567_0008_0052_0024_0024.jpg 1 8 52 24 24
0568_0008_0033_0046_0046.jpg 1 8 33 46 46
0569_0007_0018_0068_0068.jpg 1 7 18 68 68
0570_0009_0035_0037_0037.jpg 1 9 35 37 37
0571_0013_0011_0069_0069.jpg 1 13 11 69 69
0572_0022_0009_0042_0042.jpg 1 22 9 42 42
0573_0030_0039_0039_0039.jpg 1 30 39 39 39
0574_0040_0030_0024_0024.jpg 1 40 30 24 24
0575_0011_0014_0028_0028.jpg 1 11 14 28 28
0576_0013_0052_0024_0024.jpg 1 13 52 24 24
0577_0003_0009_0066_0066.jpg 1 3 9 66 66
0578_0019_0005_0050_0050.jpg 1 19 5 50 50
0579_0026_0009_0042_0042.jpg 1 26 9 42 42
0580_0032_0023_0051_0051.jpg 1 32 23 51 51
0581_0020_0026_0046_0046.jpg 1 20 26 46 46
0582_0032_0024_0059_0059.jpg 1 32 24 59 59
0583_0022_0031_0056_0056.jpg 1 22 31 56 56
0584_0016_0019_0060_0060.jpg 1 16 19 60 60
0585_0015_0038_0028_0028.jpg 1 15 38 28 28
0586_0043_0030_0045_0045.jpg 1 43 30 45 45
0587_0035_0043_0032_0032.jpg 1 35 43 32 32
0588_0032_0008_0054_0054.jpg 1 32 8 54 54
0589_0021_0023_0069_0069.jpg 1 21 23 69 69
0590_0019_0043_0029_0029.jpg 1 19 43 29 29
0591_0015_0011_0029_0029.jpg 1 15 11 29 29
0592_0040_0019_0045_0045.jpg 1 40 19 45 45
0593_0030_0028_0033_0033.jpg 1 30 28 33 33
0594_0007_0006_0059_0059.jpg 1 7 6 59 59
0595_0016_0023_0046_0046.jpg 1 16 23 46 46
0596_0040_0036_0036_0036.jpg 1 40 36 36 36
0597_0007_0051_0033_0033.jpg 1 7 51 33 33
0598_0021_0042_0044_0044.jpg 1 21 42 44 44
0599_0004_0019_0062_0062.jpg 1 4 19 62 62
0600_0020_0030_0034_0034.jpg 1 20 30 34 34
0601_0011_0045_0024_0024.jpg 1 11 45 24 24
0602_0041_0042_0043_0043.jpg 1 41 42 43 43
0603_0028_0014_0057_0057.jpg 1 28 14 57 57
0604_0047_0011_0034_0034.jpg 1 47 11 34 34
0605_0035_0006_0052_0052.jpg 1 35 6 52 52
0606_0005_0007_0055_0055.jpg 1 5 7 55 55
0607_0028_0021_0056_0056.jpg 1 28 21 56 56
0608_0019_0026_0061_0061.jpg 1 19 26 61 61
0609_0016_0022_0054_0054.jpg 1 16 22 54 54
0610_0014_0033_0042_0042.jpg 1 14 33 42 42
0611_0020_0031_0036_0036.jpg 1 20 31 36 36
0612_0009_0049_0028_0028.jpg 1 9 49 28 28
0613_0026_0034_0028_0028.jpg 1 26 34 28 28
0614_0042_0022_0042_0042.jpg 1 42 22 42 42
0615_0035_0008_0035_0035.jpg 1 35 8 35 35
0616_0028_0018_0062_0062.jpg 1 28 18 62 62
0617_0020_0015_0044_0044.jpg 1 20 15 44 44
0618_0019_0006_0043_0043.jpg 1 19 6 43 43
0619_0015_0011_0062_0062.jpg 1 15 11 62 62
0620_0032_0011_0047_0047.jpg 1 32 11 47 47
0621_0006_0011_0060_0060.jpg 1 6 11 60 60
0622_0024_0019_0052_0052.jpg 1 24 19 52 52
0623_0032_0035_0054_0054.jpg 1 32 35 54 54
0624_0010_0016_0063_0063.jpg 1 10 16 63 63
0625_0023_0010_0066_0066.jpg 1 23 10 66 66
0626_0010_0004_0061_0061.jpg 1 10 4 61 61
0627_0008_0015_0069_0069.jpg 1 8 15 69 69
0628_0043_0011_0033_0033.jpg 1 43 11 33 33
0629_0036_0039_0050_0050.jpg 1 36 39 50 50
0630_0014_0005_0063_0063.jpg 1 14 5 63 63
0631_0038_0017_0037_0037.jpg 1 38 17 37 37
0632_0029_0028_0034_0034.jpg 1 29 28 34 34
0633_0018_0015_0062_0062.jpg 1 18 15 62 62
0634_0011_0006_0035_0035.jpg 1 11 6 35 35
0635_0019_0012_0039_0039.jpg 1 19 12 39 39
0636_0033_0044_0038_0038.jpg 1 33 44 38 38
0637_0038_0042_0042_0042.jpg 1 38 42 42 42
0638_0025_0033_0046_0046.jpg 1 25 33 46 46
0639_0046_0026_0042_0042.jpg 1 46 26 42 42
0640_0012_0006_0053_0053.jpg 1 12 6 53 53
0641_0006_0034_0044_0044.jpg 1 6 34 44 44
0642_0044_0014_0033_0033.jpg 1 44 14 33 33
0643_0019_0018_0052_0052.jpg 1 19 18 52 52
0644_0013_0033_0053_0053.jpg 1 13 33 53 53
0645_0009_0021_0052_0052.jpg 1 9 21 52 52
0646_0025_0025_0058_0058.jpg 1 25 25 58 58
0647_0015_0042_0045_0045.jpg 1 15 42 45 45
0648_0044_0043_0039_0039.jpg 1 44 43 39 39
0649_0006_0026_0048_0048.jpg 1 6 26 48 48
0650_0037_0017_0034_0034.jpg 1 37 17 34 34
0651_0039_0026_0044_0044.jpg 1 39 26 44 44
0652_0018_0019_0060_0060.jpg 1 18 19 60 60
0653_0037_0010_0035_0035.jpg 1 37 10 35 35
0654_0035_0023_0051_0051.jpg 1 35 23 51 51
0655_0007_0020_0067_0067.jpg 1 7 20 67 67
0656_0038_0009_0048_0048.jpg 1 38 9 48 48
0657_0010_0017_0043_0043.jpg 1 10 17 43 43
0658_0021_0030_0062_0062.jpg 1 21 30 62 62
0659_0014_0032_0056_0056.jpg 1 14 32 56 56
0660_0023_0035_0045_0045.jpg 1 23 35 45 45
0661_0010_0014_0062_0062.jpg 1 10 14 62 62
0662_0004_0005_0062_0062.jpg 1 4 5 62 62
0663_0016_0011_0042_0042.jpg 1 16 11 42 42
0664_0008_0018_0061_0061.jpg 1 8 18 61 61
0665_0032_0012_0054_0054.jpg 1 32 12 54 54
0666_0052_0018_0030_0030.jpg 1 52 18 30 30
0667_0023_0014_0059_0059.jpg 1 23 14 59 59
0668_0004_0028_0061_0061.jpg 1 4 28 61 61
0669_0008_0013_0040_0040.jpg 1 8 13 40 40
0670_0056_0007_0028_0028.jpg 1 56 7 28 28
0671_0035_0016_0044_0044.jpg 1 35 16 44 44
0672_0005_0024_0057_0057.jpg 1 5 24 57 57
0673_0024_0017_0050_0050.jpg 1 24 17 50 50
0674_0027_0027_0045_0045.jpg 1 27 27 45 45
0675_0019_0019_0061_0061.jpg 1 19 19 61 61
0676_0035_0051_0030_0030.jpg 1 35 51 30 30
0677_0028_0038_0047_0047.jpg 1 28 38 47 47
0678_0017_0011_0063_0063.jpg 1 17 11 63 63
0679_0008_0008_0033_0033.jpg 1 8 8 33 33
0680_0020_0016_0063_0063.jpg 1 20 16 63 63
0681_0015_0022_0067_0067.jpg 1 15 22 67 67
0682_0011_0020_0060_0060.jpg 1 11 20 60 60
0683_0034_0011_0052_0052.jpg 1 34 11 52 52
0684_0012_0006_0037_0037.jpg 1 12 6 37 37
0685_0006_0020_0055_0055.jpg 1 6 20 55 55
0686_0027_0020_0035_0035.jpg 1 27 20 35 35
0687_0004_0008_0068_0068.jpg 1 4 8 68 68
0688_0014_0020_0043_0043.jpg 1 14 20 43 43
0689_0014_0006_0062_0062.jpg 1 14 6 62 62
0690_0007_0023_0037_0037.jpg 1 7 23 37 37
0691_0018_0013_0060_0060.jpg 1 18 13 60 60
0692_0011_0012_0042_0042.jpg 1 11 12 42 42
0693_0034_0040_0031_0031.jpg 1 34 40 31 31
0694_0037_0006_0048_0048.jpg 1 37 6 48 48
0695_0019_0026_0045_0045.jpg 1 19 26 45 45
0696_0018_0021_0043_0043.jpg 1 18 21 43 43
0697_0015_0031_0036_0036.jpg 1 15 31 36 36
0698_0042_0021_0044_0044.jpg 1 42 21 44 44
0699_0040_0008_0043_0043.jpg 1 40 8 43 43
0700_0026_0011_0051_0051.jpg 1 26 11 51 51
0701_0024_0021_0068_0068.jpg 1 24 21 68 68
0702_0040_0011_0029_0029.jpg 1 40 11 29 29
0703_0039_0030_0038_0038.jpg 1 39 30 38 38
0704_0053_0028_0033_0033.jpg 1 53 28 33 33
0705_0023_0014_0037_0037.jpg 1 23 14 37 37
0706_0029_0007_0047_0047.jpg 1 29 7 47 47
0707_0021_0025_0060_0060.jpg 1 21 25 60 60
0708_0010_0031_0026_0026.jpg 1 10 31 26 26
0709_0028_0028_0027_0027.jpg 1 28 28 27 27
0710_0011_0020_0069_0069.jpg 1 11 20 69 69
0711_0040_0010_0041_0041.jpg 1 40 10 41 41
0712_0012_0009_0060_0060.jpg 1 12 9 60 60
0713_0022_0032_0053_0053.jpg 1 22 32 53 53
0714_0012_0035_0048_0048.jpg 1 12 35 48 48
0715_0014_0027_0061_0061.jpg 1 14 27 61 61
0716_0018_0017_0058_0058.jpg 1 18 17 58 58
0717_0004_0024_0057_0057.jpg 1 4 24 57 57
0718_0019_0025_0065_0065.jpg 1 19 25 65 65
0719_0010_0029_0029_0029.jpg 1 10 29 29 29
0720_0040_0020_0033_0033.jpg 1 40 20 33 33
0721_0026_0031_0049_0049.jpg 1 26 31 49 49
0722_0043_0056_0028_0028.jpg 1 43 56 28 28
0723_0012_0004_0052_0052.jpg 1 12 4 52 52
0724_0015_0018_0046_0046.jpg 1 15 18 46 46
0725_0031_0012_0050_0050.jpg 1 31 12 50 50
0726_0011_0009_0036_0036.jpg 1 11 9 36 36
0727_0024_0010_0067_0067.jpg 1 24 10 67 67
0728_0009_0022_0065_0065.jpg 1 9 22 65 65
0729_0037_0025_0034_0034.jpg 1 37 25 34 34
0730_0008_0016_0031_0031.jpg 1 8 16 31 31
0731_0041_0029_0039_0039.jpg 1 41 29 39 39
0732_0016_0017_0050_0050.jpg 1 16 17 50 50
0733_0034_0027_0044_0044.jpg 1 34 27 44 44
0734_0020_0021_0058_0058.jpg 1 20 21 58 58
0735_0020_0016_0030_0030.jpg 1 20 16 30 30
0736_0049_0037_0028_0028.jpg 1 49 37 28 28
0737_0009_0008_0031_0031.jpg 1 9 8 31 31
0738_0008_0019_0058_0058.jpg 1 8 19 58 58
0739_0048_0030_0032_0032.jpg 1 48 30 32 32
0740_0025_0027_0063_0063.jpg 1 25 27 63 63
0741_0045_0052_0026_0026.jpg 1 45 52 26 26
0742_0029_0035_0034_0034.jpg 1 29 35 34 34
0743_0024_0030_0041_0041.jpg 1 24 30 41 41
0744_0032_0020_0054_0054.jpg 1 32 20 54 54
0745_0007_0027_0055_0055.jpg 1 7 27 55 55
0746_0015_0023_0035_0035.jpg 1 15 23 35 35
0747_0015_0033_0029_0029.jpg 1 15 33 29 29
0748_0016_0007_0062_0062.jpg 1 16 7 62 62
0749_0017_0032_0054_0054.jpg 1 17 32 54 54
0750_0005_0020_0052_0052.jpg 1 5 20 52 52
0751_0019_0046_0033_0033.jpg 1 19 46 33 33
0752_0028_0013_0042_0042.jpg 1 28 13 42 42
0753_0008_0055_0027_0027.jpg 1 8 55 27 27
0754_0037_0007_0052_0052.jpg 1 37 7 52 52
0755_0008_0014_0047_0047.jpg 1 8 14 47 47
0756_0028_0006_0055_0055.jpg 1 28 6 55 55
0757_0034_0037_0043_0043.jpg 1 34 37 43 43
0758_0047_0014_0040_0040.jpg 1 47 14 40 40
0759_0028_0018_0059_0059.jpg 1 28 18 59 59
0760_0013_0019_0027_0027.jpg 1 13 19 27 27
0761_0035_0007_0048_0048.jpg 1 35 7 48 48
0762_0048_0029_0038_0038.jpg 1 48 29 38 38
0763_0037_0035_0028_0028.jpg 1 37 35 28 28
0764_0016_0012_0068_0068.jpg 1 16 12 68 68
0765_0048_0017_0038_0038.jpg 1 48 17 38 38
0766_0023_0033_0035_0035.jpg 1 23 33 35 35
0767_0032_0013_0049_0049.jpg 1 32 13 49 49
0768_0032_0029_0050_0050.jpg 1 32 29 50 50
0769_0031_0029_0047_0047.jpg 1 31 29 47 47
0770_0013_0022_0059_0059.jpg 1 13 22 59 59
0771_0030_0015_0059_0059.jpg 1 30 15 59 59
0772_0014_0023_0059_0059.jpg 1 14 23 59 59
0773_0039_0012_0044_0044.jpg 1 39 12 44 44
0774_0018_0006_0064_0064.jpg 1 18 6 64 64
0775_0005_0023_0065_0065.jpg 1 5 23 65 65
0776_0028_0018_0049_0049.jpg 1 28 18 49 49
0777_0020_0023_0045_0045.jpg 1 20 23 45 45
0778_0017_0008_0056_0056.jpg 1 17 8 56 56
0779_0053_0058_0024_0024.jpg 1 53 58 24 24
0780_0051_0014_0032_0032.jpg 1 51 14 32 32
0781_0024_0017_0045_0045.jpg 1 24 17 45 45
0782_0035_0025_0051_0051.jpg 1 35 25 51 51
0783_0007_0020_0035_0035.jpg 1 7 20 35 35
0784_0021_0005_0048_0048.jpg 1 21 5 48 48
0785_0016_0036_0043_0043.jpg 1 16 36 43 43
0786_0007_0020_0065_0065.jpg 1 7 20 65 65
0787_0014_0035_0034_0034.jpg 1 14 35 34 34
0788_0035_0025_0043_0043.jpg 1 35 25 43 43
0789_0040_0007_0028_0028.jpg 1 40 7 28 28
0790_0014_0029_0026_0026.jpg 1 14 29 26 26
0791_0011_0004_0066_0066.jpg 1 11 4 66 66
0792_0015_0027_0065_0065.jpg 1 15 27 65 65
0793_0008_0007_0067_0067.jpg 1 8 7 67 67
0794_0020_0016_0042_0042.jpg 1 20 16 42 42
0795_0038_0022_0027_0027.jpg 1 38 22 27 27
0796_0047_0022_0026_0026.jpg 1 47 22 26 26
0797_0008_0032_0026_0026.jpg 1 8 32 26 26
0798_0025_0019_0048_0048.jpg 1 25 19 48 48
0799_0008_0047_0040_0040.jpg 1 8 47 40 40
0800_0034_0021_0030_0030.jpg 1 34 21 30 30
0801_0032_0028_0051_0051.jpg 1 32 28 51 51
0802_0035_0031_0051_0051.jpg 1 35 31 51 51
0803_0015_0016_0032_0032.jpg 1 15 16 32 32
0804_0041_0032_0034_0034.jpg 1 41 32 34 34
0805_0006_0026_0046_0046.jpg 1 6 26 46 46
0806_0031_0052_0033_0033.jpg 1 31 52 33 33
0807_0042_0015_0040_0040.jpg 1 42 15 40 40
0808_0019_0011_0066_0066.jpg 1 19 11 66 66
0809_0007_0015_0059_0059.jpg 1 7 15 59 59
0810_0019_0027_0038_0038.jpg 1 19 27 38 38
0811_0048_0048_0033_0033.jpg 1 48 48 33 33
0812_0023_0042_0045_0045.jpg 1 23 42 45 45
0813_0051_0024_0028_0028.jpg 1 51 24 28 28
0814_0024_0031_0040_0040.jpg 1 24 31 40 40
0815_0006_0017_0053_0053.jpg 1 6 17 53 53
0816_0047_0026_0030_0030.jpg 1 47 26 30 30
0817_0013_0013_0058_0058.jpg 1 13 13 58 58
0818_0039_0021_0027_0027.jpg 1 39 21 27 27
0819_0014_0015_0030_0030.jpg 1 14 15 30 30
0820_0017_0031_0058_0058.jpg 1 17 31 58 58
0821_0019_0023_0050_0050.jpg 1 19 23 50 50
0822_0026_0010_0058_0058.jpg 1 26 10 58 58
0823_0028_0041_0029_0029.jpg 1 28 41 29 29
0824_0025_0019_0065_0065.jpg 1 25 19 65 65
0825_0012_0016_0065_0065.jpg 1 12 16 65 65
0826_0019_0026_0036_0036.jpg 1 19 26 36 36
0827_0051_0035_0032_0032.jpg 1 51 35 32 32
0828_0013_0004_0069_0069.jpg 1 13 4 69 69
0829_0019_0010_0069_0069.jpg 1 19 10 69 69
0830_0008_0027_0057_0057.jpg 1 8 27 57 57
0831_0007_0026_0042_0042.jpg 1 7 26 42 42
0832_0005_0011_0049_0049.jpg 1 5 11 49 49
0833_0039_0019_0033_0033.jpg 1 39 19 33 33
0834_0022_0026_0049_0049.jpg 1 22 26 49 49
0835_0005_0012_0068_0068.jpg 1 5 12 68 68
0836_0050_0015_0024_0024.jpg 1 50 15 24 24
0837_0006_0015_0058_0058.jpg 1 6 15 58 58
0838_0020_0013_0067_0067.jpg 1 20 13 67 67
0839_0014_0025_0049_0049.jpg 1 14 25 49 49
0840_0048_0020_0039_0039.jpg 1 48 20 39 39
0841_0017_0010_0066_0066.jpg 1 17 10 66 66
0842_0035_0025_0048_0048.jpg 1 35 25 48 48
0843_0028_0008_0064_0064.jpg 1 28 8 64 64
0844_0019_0004_0065_0065.jpg 1 19 4 65 65
0845_0039_0041_0044_0044.jpg 1 39 41 44 44
0846_0022_0018_0049_0049.jpg 1 22 18 49 49
0847_0045_0009_0041_0041.jpg 1 45 9 41 41
0848_0026_0019_0027_0027.jpg 1 26 19 27 27
0849_0029_0017_0061_0061.jpg 1 29 17 61 61
0850_0028_0017_0059_0059.jpg 1 28 17 59 59
0851_0007_0019_0032_0032.jpg 1 7 19 32 32
0852_0037_0045_0042_0042.jpg 1 37 45 42 42
0853_0004_0016_0060_0060.jpg 1 4 16 60 60
0854_0030_0029_0050_0050.jpg 1 30 29 50 50
0855_0044_0024_0032_0032.jpg 1 44 24 32 32
0856_0006_0005_0050_0050.jpg 1 6 5 50 50
0857_0006_0003_0067_0067.jpg 1 6 3 67 67
0858_0024_0009_0063_0063.jpg 1 24 9 63 63
0859_0014_0005_0062_0062.jpg 1 14 5 62 62
0860_0053_0015_0028_0028.jpg 1 53 15 28 28
0861_0022_0010_0046_0046.jpg 1 22 10 46 46
0862_0039_0025_0028_0028.jpg 1 39 25 28 28
0863_0020_0008_0054_0054.jpg 1 20 8 54 54
0864_0050_0038_0026_0026.jpg 1 50 38 26 26
0865_0037_0024_0045_0045.jpg 1 37 24 45 45
0866_0018_0019_0039_0039.jpg 1 18 19 39 39
0867_0011_0010_0041_0041.jpg 1 11 10 41 41
0868_0024_0009_0046_0046.jpg 1 24 9 46 46
0869_0014_0023_0026_0026.jpg 1 14 23 26 26
0870_0009_0014_0060_0060.jpg 1 9 14 60 60
0871_0025_0031_0051_0051.jpg 1 25 31 51 51
0872_0016_0035_0051_0051.jpg 1 16 35 51 51
0873_0035_0020_0033_0033.jpg 1 35 20 33 33
0874_0025_0053_0030_0030.jpg 1 25 53 30 30
0875_0010_0024_0066_0066.jpg 1 10 24 66 66
0876_0007_0004_0064_0064.jpg 1 7 4 64 64
0877_0038_0033_0041_0041.jpg 1 38 33 41 41
0878_0060_0030_0024_0024.jpg 1 60 30 24 24
0879_0016_0008_0065_0065.jpg 1 16 8 65 65
0880_0047_0008_0033_0033.jpg 1 47 8 33 33
0881_0005_0030_0051_0051.jpg 1 5 30 51 51
0882_0025_0019_0057_0057.jpg 1 25 19 57 57
0883_0006_0030_0057_0057.jpg 1 6 30 57 57
0884_0030_0028_0033_0033.jpg 1 30 28 33 33
0885_0007_0026_0061_0061.jpg 1 7 26 61 61
0886_0013_0029_0047_0047.jpg 1 13 29 47 47
0887_0009_0029_0061_0061.jpg 1 9 29 61 61
0888_0017_0047_0039_0039.jpg 1 17 47 39 39
0889_0019_0026_0040_0040.jpg 1 19 26 40 40
0890_0008_0011_0069_0069.jpg 1 8 11 69 69
0891_0029_0016_0029_0029.jpg 1 29 16 29 29
0892_0018_0016_0064_0064.jpg 1 18 16 64 64
0893_0042_0018_0038_0038.jpg 1 42 18 38 38
0894_0042_0023_0034_0034.jpg 1 42 23 34 34
0895_0007_0031_0054_0054.jpg 1 7 31 54 54
0896_0036_0016_0054_0054.jpg 1 36 16 54 54
0897_0005_0015_0061_0061.jpg 1 5 15 61 61
0898_0024_0015_0064_0064.jpg 1 24 15 64 64
0899_0022_0031_0051_0051.jpg 1 22 31 51 51
0900_0013_0007_0065_0065.jpg 1 13 7 65 65
0901_0023_0011_0043_0043.jpg 1 23 11 43 43
0902_0018_0033_0053_0053.jpg 1 18 33 53 53
0903_0031_0016_0054_0054.jpg 1 31 16 54 54
0904_0004_0016_0065_0065.jpg 1 4 16 65 65
0905_0011_0008_0066_0066.jpg 1 11 8 66 66
0906_0028_0026_0032_0032.jpg 1 28 26 32 32
0907_0024_0018_0049_0049.jpg 1 24 18 49 49
0908_0013_0020_0069_0069.jpg 1 13 20 69 69
0909_0019_0049_0036_0036.jpg 1 19 49 36 36
0910_0004_0027_0060_0060.jpg 1 4 27 60 60
0911_0021_0014_0033_0033.jpg 1 21 14 33 33
0912_0028_0039_0044_0044.jpg 1 28 39 44 44
0913_0014_0010_0069_0069.jpg 1 14 10 69 69
0914_0020_0042_0029_0029.jpg 1 20 42 29 29
0915_0010_0009_0065_0065.jpg 1 10 9 65 65
0916_0027_0007_0034_0034.jpg 1 27 7 34 34
0917_0025_0040_0025_0025.jpg 1 25 40 25 25
0918_0040_0035_0047_0047.jpg 1 40 35 47 47
0919_0011_0019_0049_0049.jpg 1 11 19 49 49
0920_0039_0025_0040_0040.jpg 1 39 25 40 40
0921_0048_0044_0032_0032.jpg 1 48 44 32 32
0922_0016_0040_0028_0028.jpg 1 16 40 28 28
0923_0009_0028_0028_0028.jpg 1 9 28 28 28
0924_0014_0041_0028_0028.jpg 1 14 41 28 28
0925_0018_0040_0029_0029.jpg 1 18 40 29 29
0926_0043_0012_0038_0038.jpg 1 43 12 38 38
0927_0020_0010_0054_0054.jpg 1 20 10 54 54
0928_0036_0053_0033_0033.jpg 1 36 53 33 33
0929_0031_0045_0029_0029.jpg 1 31 45 29 29
0930_0011_0031_0059_0059.jpg 1 11 31 59 59
0931_0005_0012_0069_0069.jpg 1 5 12 69 69
0932_0018_0022_0047_0047.jpg 1 18 22 47 47
0933_0024_0031_0061_0061.jpg 1 24 31 61 61
0934_0056_0007_0026_0026.jpg 1 56 7 26 26
0935_0035_0006_0038_0038.jpg 1 35 6 38 38
0936_0027_0012_0055_0055.jpg 1 27 12 55 55
0937_0016_0027_0060_0060.jpg 1 16 27 60 60
0938_0004_0010_0058_0058.jpg 1 4 10 58 58
0939_0030_0013_0060_0060.jpg 1 30 13 60 60
0940_0031_0051_0029_0029.jpg 1 31 51 29 29
0941_0007_0023_0068_0068.jpg 1 7 23 68 68
0942_0014_0024_0068_0068.jpg 1 14 24 68 68
0943_0028_0023_0041_0041.jpg 1 28 23 41 41
0944_0035_0024_0053_0053.jpg 1 35 24 53 53
0945_0015_0050_0027_0027.jpg 1 15 50 27 27
0946_0028_0019_0064_0064.jpg 1 28 19 64 64
0947_0040_0041_0041_0041.jpg 1 40 41 41 41
0948_0005_0009_0061_0061.jpg 1 5 9 61 61
0949_0024_0020_0060_0060.jpg 1 24 20 60 60
0950_0020_0012_0061_0061.jpg 1 20 12 61 61
0951_0017_0007_0031_0031.jpg 1 17 7 31 31
0952_0006_0023_0063_0063.jpg 1 6 23 63 63
0953_0030_0031_0051_0051.jpg 1 30 31 51 51
0954_0029_0007_0058_0058.jpg 1 29 7 58 58
0955_0025_0008_0058_0058.jpg 1 25 8 58 58
0956_0043_0030_0035_0035.jpg 1 43 30 35 35
0957_0045_0029_0033_0033.jpg 1 45 29 33 33
0958_0016_0034_0048_0048.jpg 1 16 34 48 48
0959_0007_0009_0065_0065.jpg 1 7 9 65 65
0960_0041_0018_0027_0027.jpg 1 41 18 27 27
0961_0007_0022_0060_0060.jpg 1 7 22 60 60
0962_0016_0024_0059_0059.jpg 1 16 24 59 59
0963_0008_0013_0038_0038.jpg 1 8 13 38 38
0964_0039_0051_0032_0032.jpg 1 39 51 32 32
0965_0019_0021_0069_0069.jpg 1 19 21 69 69
0966_0039_0009_0050_0050.jpg 1 39 9 50 50
0967_0018_0013_0040_0040.jpg 1 18 13 40 40
0968_0024_0034_0037_0037.jpg 1 24 34 37 37
0969_0024_0026_0032_0032.jpg 1 24 26 32 32
0970_0005_0027_0062_0062.jpg 1 5 27 62 62
0971_0016_0043_0042_0042.jpg 1 16 43 42 42
0972_0035_0028_0054_0054.jpg 1 35 28 54 54
0973_0009_0014_0051_0051.jpg 1 9 14 51 51
0974_0005_0022_0055_0055.jpg 1 5 22 55 55
0975_0010_0014_0035_0035.jpg 1 10 14 35 35
0976_0018_0019_0043_0043.jpg 1 18 19 43 43
0977_0032_0009_0058_0058.jpg 1 32 9 58 58
0978_0021_0030_0047_0047.jpg 1 21 30 47 47
0979_0014_0022_0069_0069.jpg 1 14 22 69 69
0980_0017_0005_0057_0057.jpg 1 17 5 57 57
0981_0005_0035_0051_0051.jpg 1 5 35 51 51
0982_0046_0012_0036_0036.jpg 1 46 12 36 36
0983_0033_0023_0047_0047.jpg 1 33 23 47 47
0984_0009_0006_0061_0061.jpg 1 9 6 61 61
0985_0027_0028_0026_0026.jpg 1 27 28 26 26
0986_0013_0024_0066_0066.jpg 1 13 24 66 66
0987_0056_0034_0027_0027.jpg 1 56 34 27 27
0988_0036_0013_0045_0045.jpg 1 36 13 45 45
0989_0058_0013_0026_0026.jpg 1 58 13 26 26
0990_0042_0024_0028_0028.jpg 1 42 24 28 28
0991_0016_0055_0027_0027.jpg 1 16 55 27 27
0992_0009_0016_0038_0038.jpg 1 9 16 38 38
0993_0010_0035_0038_0038.jpg 1 10 35 38 38
0994_0036_0038_0043_0043.jpg 1 36 38 43 43
0995_0033_0026_0053_0053.jpg 1 33 26 53 53
0996_0050_0049_0036_0036.jpg 1 50 49 36 36
0997_0018_0006_0039_0039.jpg 1 18 6 39 39
0998_0017_0017_0057_0057.jpg 1 17 17 57 57
0999_0024_0030_0035_0035.jpg 1 24 30 35 35
1000_0036_0038_0041_0041.jpg 1 36 38 41 41
1001_0041_0033_0024_0024.jpg 1 41 33 24 24
1002_0022_0016_0068_0068.jpg 1 22 16 68 68
1003_0042_0038_0040_0040.jpg 1 42 38 40 40
1004_0036_0026_0047_0047.jpg 1 36 26 47 47
1005_0025_0009_0066_0066.jpg 1 25 9 66 66
1006_0025_0018_0037_0037.jpg 1 25 18 37 37
1007_0012_0015_0059_0059.jpg 1 12 15 59 59
1008_0051_0022_0033_0033.jpg 1 51 22 33 33
1009_0011_0003_0068_0068.jpg 1 11 3 68 68
1010_0017_0010_0044_0044.jpg 1 17 10 44 44
1011_0015_0015_0063_0063.jpg 1 15 15 63 63
1012_0009_0028_0048_0048.jpg 1 9 28 48 48
1013_0025_0012_0030_0030.jpg 1 25 12 30 30
1014_0023_0028_0058_0058.jpg 1 23 28 58 58
1015_0018_0006_0066_0066.jpg 1 18 6 66 66
1016_0018_0022_0038_0038.jpg 1 18 22 38 38
1017_0022_0017_0025_0025.jpg 1 22 17 25 25
1018_0006_0018_0056_0056.jpg 1 6 18 56 56
1019_0010_0021_0043_0043.jpg 1 10 21 43 43
1020_0021_0019_0042_0042.jpg 1 21 19 42 42
1021_0043_0046_0042_0042.jpg 1 43 46 42 42
1022_0011_0010_0030_0030.jpg 1 11 10 30 30
1023_0011_0015_0065_0065.jpg 1 11 15 65 65
1024_0032_0043_0030_0030.jpg 1 32 43 30 30
1025_0020_0027_0061_0061.jpg 1 20 27 61 61
1026_0007_0015_0065_0065.jpg 1 7 15 65 65
1027_0021_0009_0067_0067.jpg 1 21 9 67 67
1028_0025_0005_0063_0063.jpg 1 25 5 63 63
1029_0052_0036_0027_0027.jpg 1 52 36 27 27
1030_0045_0011_0032_0032.jpg 1 45 11 32 32
1031_0009_0005_0061_0061.jpg 1 9 5 61 61
1032_0023_0018_0059_0059.jpg 1 23 18 59 59
1033_0036_0037_0039_0039.jpg 1 36 37 39 39
1034_0023_0043_0042_0042.jpg 1 23 43 42 42
1035_0018_0032_0051_0051.jpg 1 18 32 51 51
1036_0013_0005_0064_0064.jpg 1 13 5 64 64
1037_0028_0030_0039_0039.jpg 1 28 30 39 39
1038_0044_0033_0034_0034.jpg 1 44 33 34 34
1039_0049_0039_0032_0032.jpg 1 49 39 32 32
1040_0042_0037_0028_0028.jpg 1 42 37 28 28
1041_0027_0023_0029_0029.jpg 1 27 23 29 29
1042_0033_0029_0057_0057.jpg 1 33 29 57 57
1043_0007_0047_0028_0028.jpg 1 7 47 28 28
1044_0007_0029_0052_0052.jpg 1 7 29 52 52
1045_0015_0020_0068_0068.jpg 1 15 20 68 68
1046_0028_0010_0032_0032.jpg 1 28 10 32 32
1047_0015_0041_0039_0039.jpg 1 15 41 39 39
1048_0013_0024_0065_0065.jpg 1 13 24 65 65
1049_0036_0011_0032_0032.jpg 1 36 11 32 32
1050_0013_0033_0031_0031.jpg 1 13 33 31 31
1051_0042_0019_0025_0025.jpg 1 42 19 25 25
1052_0024_0018_0025_0025.jpg 1 24 18 25 25
1053_0028_0007_0052_0052.jpg 1 28 7 52 52
1054_0007_0011_0068_0068.jpg 1 7 11 68 68
1055_0016_0022_0065_0065.jpg 1 16 22 65 65
1056_0005_0004_0065_0065.jpg 1 5 4 65 65
1057_0032_0032_0036_0036.jpg 1 32 32 36 36
1058_0019_0022_0031_0031.jpg 1 19 22 31 31
1059_0036_0049_0034_0034.jpg 1 36 49 34 34
1060_0039_0005_0048_0048.jpg 1 39 5 48 48
1061_0025_0004_0061_0061.jpg 1 25 4 61 61
1062_0020_0045_0030_0030.jpg 1 20 45 30 30
1063_0048_0023_0039_0039.jpg 1 48 23 39 39
1064_0013_0011_0052_0052.jpg 1 13 11 52 52
1065_0019_0042_0044_0044.jpg 1 19 42 44 44
1066_0054_0015_0031_0031.jpg 1 54 15 31 31
1067_0015_0021_0061_0061.jpg 1 15 21 61 61
1068_0035_0021_0055_0055.jpg 1 35 21 55 55
1069_0008_0021_0027_0027.jpg 1 8 21 27 27
1070_0050_0030_0028_0028.jpg 1 50 30 28 28
1071_0010_0009_0052_0052.jpg 1 10 9 52 52
1072_0038_0040_0026_0026.jpg 1 38 40 26 26
1073_0013_0007_0047_0047.jpg 1 13 7 47 47
1074_0021_0017_0046_0046.jpg 1 21 17 46 46
1075_0010_0039_0035_0035.jpg 1 10 39 35 35
1076_0014_0020_0026_0026.jpg 1 14 20 26 26
1077_0029_0011_0041_0041.jpg 1 29 11 41 41
1078_0007_0008_0060_0060.jpg 1 7 8 60 60
1079_0027_0024_0060_0060.jpg 1 27 24 60 60
1080_0022_0013_0043_0043.jpg 1 22 13 43 43
1081_0011_0047_0040_0040.jpg 1 11 47 40 40
1082_0009_0019_0059_0059.jpg 1 9 19 59 59
1083_0031_0005_0059_0059.jpg 1 31 5 59 59
1084_0027_0040_0042_0042.jpg 1 27 40 42 42
1085_0016_0006_0055_0055.jpg 1 16 6 55 55
1086_0031_0012_0045_0045.jpg 1 31 12 45 45
1087_0012_0024_0037_0037.jpg 1 12 24 37 37
1088_0031_0017_0041_0041.jpg 1 31 17 41 41
1089_0009_0007_0064_0064.jpg 1 9 7 64 64
1090_0011_0026_0040_0040.jpg 1 11 26 40 40
1091_0036_0050_0033_0033.jpg 1 36 50 33 33
1092_0051_0045_0029_0029.jpg 1 51 45 29 29
1093_0019_0009_0055_0055.jpg 1 19 9 55 55
1094_0028_0021_0059_0059.jpg 1 28 21 59 59
1095_0023_0004_0069_0069.jpg 1 23 4 69 69
1096_0004_0036_0054_0054.jpg 1 4 36 54 54
1097_0008_0018_0055_0055.jpg 1 8 18 55 55
1098_0014_0009_0033_0033.jpg 1 14 9 33 33
1099_0004_0016_0062_0062.jpg 1 4 16 62 62
1100_0020_0033_0032_0032.jpg 1 20 33 32 32
1101_0007_0028_0062_0062.jpg 1 7 28 62 62
1102_0030_0022_0037_0037.jpg 1 30 22 37 37
1103_0018_0030_0037_0037.jpg 1 18 30 37 37
1104_0005_0025_0065_0065.jpg 1 5 25 65 65
1105_0017_0035_0051_0051.jpg 1 17 35 51 51
1106_0007_0009_0045_0045.jpg 1 7 9 45 45
1107_0030_0020_0050_0050.jpg 1 30 20 50 50
1108_0010_0028_0053_0053.jpg 1 10 28 53 53
1109_0009_0043_0036_0036.jpg 1 9 43 36 36
1110_0022_0026_0066_0066.jpg 1 22 26 66 66
1111_0018_0011_0060_0060.jpg 1 18 11 60 60
1112_0028_0034_0042_0042.jpg 1 28 34 42 42
1113_0004_0023_0065_0065.jpg 1 4 23 65 65
1114_0012_0027_0051_0051.jpg 1 12 27 51 51
1115_0014_0023_0068_0068.jpg 1 14 23 68 68
1116_0017_0039_0033_0033.jpg 1 17 39 33 33
1117_0016_0014_0044_0044.jpg 1 16 14 44 44
1118_0030_0017_0041_0041.jpg 1 30 17 41 41
1119_0036_0033_0051_0051.jpg 1 36 33 51 51
1120_0007_0005_0065_0065.jpg 1 7 5 65 65
1121_0029_0017_0062_0062.jpg 1 29 17 62 62
1122_0029_0021_0032_0032.jpg 1 29 21 32 32
1123_0014_0006_0060_0060.jpg 1 14 6 60 60
1124_0026_0031_0047_0047.jpg 1 26 31 47 47
1125_0037_0014_0050_0050.jpg 1 37 14 50 50
1126_0017_0024_0024_0024.jpg 1 17 24 24 24
1127_0014_0028_0063_0063.jpg 1 14 28 63 63
1128_0013_0015_0040_0040.jpg 1 13 15 40 40
1129_0044_0034_0028_0028.jpg 1 44 34 28 28
1130_0017_0012_0061_0061.jpg 1 17 12 61 61
1131_0004_0024_0065_0065.jpg 1 4 24 65 65
1132_0010_0023_0025_0025.jpg 1 10 23 25 25
1133_0008_0009_0059_0059.jpg 1 8 9 59 59
1134_0036_0038_0030_0030.jpg 1 36 38 30 30
1135_0020_0022_0053_0053.jpg 1 20 22 53 53
1136_0034_0013_0038_0038.jpg 1 34 13 38 38
1137_0005_0022_0064_0064.jpg 1 5 22 64 64
1138_0048_0040_0024_0024.jpg 1 48 40 24 24
1139_0046_0024_0025_0025.jpg 1 46 24 25 25
1140_0009_0045_0032_0032.jpg 1 9 45 32 32
1141_0022_0018_0033_0033.jpg 1 22 18 33 33
1142_0033_0045_0040_0040.jpg 1 33 45 40 40
1143_0026_0026_0057_0057.jpg 1 26 26 57 57
1144_0032_0020_0059_0059.jpg 1 32 20 59 59
1145_0006_0019_0048_0048.jpg 1 6 19 48 48
1146_0046_0017_0025_0025.jpg 1 46 17 25 25
1147_0033_0041_0045_0045.jpg 1 33 41 45 45
1148_0014_0022_0068_0068.jpg 1 14 22 68 68
1149_0019_0033_0044_0044.jpg 1 19 33 44 44
1150_0025_0017_0068_0068.jpg 1 25 17 68 68
1151_0011_0037_0050_0050.jpg 1 11 37 50 50
1152_0028_0033_0045_0045.jpg 1 28 33 45 45
1153_0028_0015_0037_0037.jpg 1 28 15 37 37
1154_0020_0023_0061_0061.jpg 1 20 23 61 61
1155_0015_0013_0053_0053.jpg 1 15 13 53 53
1156_0006_0022_0062_0062.jpg 1 6 22 62 62
1157_0037_0020_0041_0041.jpg 1 37 20 41 41
1158_0014_0012_0065_0065.jpg 1 14 12 65 65
1159_0004_0031_0057_0057.jpg 1 4 31 57 57
1160_0036_0016_0049_0049.jpg 1 36 16 49 49
1161_0034_0051_0034_0034.jpg 1 34 51 34 34
1162_0043_0050_0029_0029.jpg 1 43 50 29 29
1163_0022_0003_0068_0068.jpg 1 22 3 68 68
1164_0010_0031_0041_0041.jpg 1 10 31 41 41
1165_0050_0033_0029_0029.jpg 1 50 33 29 29
1166_0022_0023_0065_0065.jpg 1 22 23 65 65
1167_0012_0025_0063_0063.jpg 1 12 25 63 63
1168_0038_0028_0042_0042.jpg 1 38 28 42 42
1169_0008_0013_0057_0057.jpg 1 8 13 57 57
1170_0020_0034_0049_0049.jpg 1 20 34 49 49
1171_0033_0046_0041_0041.jpg 1 33 46 41 41
1172_0036_0044_0037_0037.jpg 1 36 44 37 37
1173_0033_0014_0047_0047.jpg 1 33 14 47 47
1174_0005_0004_0065_0065.jpg 1 5 4 65 65
1175_0022_0005_0055_0055.jpg 1 22 5 55 55
1176_0039_0035_0043_0043.jpg 1 39 35 43 43
1177_0013_0010_0031_0031.jpg 1 13 10 31 31
1178_0014_0007_0052_0052.jpg 1 14 7 52 52
1179_0013_0028_0042_0042.jpg 1 13 28 42 42
1180_0006_0005_0062_0062.jpg 1 6 5 62 62
1181_0015_0009_0066_0066.jpg 1 15 9 66 66
1182_0018_0036_0046_0046.jpg 1 18 36 46 46
1183_0021_0049_0031_0031.jpg 1 21 49 31 31
1184_0026_0040_0039_0039.jpg 1 26 40 39 39
1185_0025_0009_0038_0038.jpg 1 25 9 38 38
1186_0013_0010_0051_0051.jpg 1 13 10 51 51
1187_0016_0037_0047_0047.jpg 1 16 37 47 47
1188_0005_0023_0052_0052.jpg 1 5 23 52 52
1189_0025_0015_0061_0061.jpg 1 25 15 61 61
1190_0017_0023_0046_0046.jpg 1 17 23 46 46
1191_0048_0039_0034_0034.jpg 1 48 39 34 34
1192_0040_0011_0038_0038.jpg 1 40 11 38 38
1193_0023_0018_0061_0061.jpg 1 23 18 61 61
1194_0024_0011_0057_0057.jpg 1 24 11 57 57
1195_0021_0020_0048_0048.jpg 1 21 20 48 48
1196_0029_0039_0042_0042.jpg 1 29 39 42 42
1197_0024_0016_0062_0062.jpg 1 24 16 62 62
1198_0022_0018_0054_0054.jpg 1 22 18 54 54
1199_0024_0030_0056_0056.jpg 1 24 30 56 56
1200_0017_0006_0052_0052.jpg 1 17 6 52 52
1201_0021_0043_0044_0044.jpg 1 21 43 44 44
1202_0023_0023_0068_0068.jpg 1 23 23 68 68
1203_0040_0037_0029_0029.jpg 1 40 37 29 29
1204_0051_0040_0034_0034.jpg 1 51 40 34 34
1205_0011_0011_0034_0034.jpg 1 11 11 34 34
1206_0024_0022_0065_0065.jpg 1 24 22 65 65
1207_0016_0025_0060_0060.jpg 1 16 25 60 60
1208_0007_0036_0034_0034.jpg 1 7 36 34 34
1209_0023_0028_0029_0029.jpg 1 23 28 29 29
1210_0037_0026_0032_0032.jpg 1 37 26 32 32
1211_0051_0034_0028_0028.jpg 1 51 34 28 28
1212_0022_0030_0059_0059.jpg 1 22 30 59 59
1213_0035_0008_0054_0054.jpg 1 35 8 54 54
1214_0049_0036_0027_0027.jpg 1 49 36 27 27
1215_0021_0026_0037_0037.jpg 1 21 26 37 37
1216_0024_0008_0047_0047.jpg 1 24 8 47 47
1217_0039_0046_0027_0027.jpg 1 39 46 27 27
1218_0009_0041_0038_0038.jpg 1 9 41 38 38
1219_0025_0017_0033_0033.jpg 1 25 17 33 33
1220_0020_0040_0024_0024.jpg 1 20 40 24 24
1221_0027_0005_0055_0055.jpg 1 27 5 55 55
1222_0016_0052_0026_0026.jpg 1 16 52 26 26
1223_0040_0021_0040_0040.jpg 1 40 21 40 40
1224_0010_0012_0058_0058.jpg 1 10 12 58 58
1225_0022_0008_0040_0040.jpg 1 22 8 40 40
1226_0046_0011_0027_0027.jpg 1 46 11 27 27
1227_0018_0023_0061_0061.jpg 1 18 23 61 61
1228_0010_0020_0057_0057.jpg 1 10 20 57 57
1229_0029_0023_0041_0041.jpg 1 29 23 41 41
1230_0040_0015_0026_0026.jpg 1 40 15 26 26
1231_0022_0016_0069_0069.jpg 1 22 16 69 69
1232_0020_0009_0050_0050.jpg 1 20 9 50 50
1233_0014_0010_0049_0049.jpg 1 14 10 49 49
1234_0023_0007_0047_0047.jpg 1 23 7 47 47
1235_0019_0022_0056_0056.jpg 1 19 22 56 56
1236_0021_0014_0043_0043.jpg 1 21 14 43 43
1237_0037_0015_0047_0047.jpg 1 37 15 47 47
1238_0027_0023_0058_0058.jpg 1 27 23 58 58
1239_0020_0020_0053_0053.jpg 1 20 20 53 53
1240_0038_0036_0034_0034.jpg 1 38 36 34 34
1241_0013_0019_0039_0039.jpg 1 13 19 39 39
1242_0009_0028_0060_0060.jpg 1 9 28 60 60
1243_0004_0006_0064_0064.jpg 1 4 6 64 64
1244_0007_0034_0052_0052.jpg 1 7 34 52 52
1245_0037_0014_0050_0050.jpg 1 37 14 50 50
1246_0030_0011_0061_0061.jpg 1 30 11 61 61
1247_0010_0026_0044_0044.jpg 1 10 26 44 44
1248_0018_0019_0059_0059.jpg 1 18 19 59 59
1249_0007_0022_0066_0066.jpg 1 7 22 66 66
1250_0034_0010_0027_0027.jpg 1 34 10 27 27
1251_0020_0024_0024_0024.jpg 1 20 24 24 24
1252_0018_0037_0039_0039.jpg 1 18 37 39 39
1253_0008_0023_0066_0066.jpg 1 8 23 66 66
1254_0032_0004_0057_0057.jpg 1 32 4 57 57
1255_0013_0017_0069_0069.jpg 1 13 17 69 69
1256_0029_0024_0055_0055.jpg 1 29 24 55 55
1257_0031_0023_0035_0035.jpg 1 31 23 35 35
1258_0039_0013_0026_0026.jpg 1 39 13 26 26
1259_0057_0009_0024_0024.jpg 1 57 9 24 24
1260_0028_0013_0041_0041.jpg 1 28 13 41 41
1261_0010_0020_0058_0058.jpg 1 10 20 58 58
1262_0028_0040_0032_0032.jpg 1 28 40 32 32
1263_0034_0015_0056_0056.jpg 1 34 15 56 56
1264_0028_0014_0064_0064.jpg 1 28 14 64 64
1265_0013_0014_0045_0045.jpg 1 13 14 45 45
1266_0035_0046_0028_0028.jpg 1 35 46 28 28
1267_0030_0016_0031_0031.jpg 1 30 16 31 31
1268_0012_0016_0056_0056.jpg 1 12 16 56 56
1269_0023_0006_0069_0069.jpg 1 23 6 69 69
1270_0031_0017_0060_0060.jpg 1 31 17 60 60
1271_0019_0018_0066_0066.jpg 1 19 18 66 66
1272_0011_0023_0051_0051.jpg 1 11 23 51 51
1273_0036_0027_0046_0046.jpg 1 36 27 46 46
1274_0027_0016_0060_0060.jpg 1 27 16 60 60
1275_0017_0017_0038_0038.jpg 1 17 17 38 38
1276_0038_0044_0030_0030.jpg 1 38 44 30 30
1277_0037_0037_0051_0051.jpg 1 37 37 51 51
1278_0029_0029_0025_0025.jpg 1 29 29 25 25
1279_0021_0010_0029_0029.jpg 1 21 10 29 29
1280_0010_0008_0046_0046.jpg 1 10 8 46 46
1281_0009_0006_0055_0055.jpg 1 9 6 55 55
1282_0028_0024_0044_0044.jpg 1 28 24 44 44
1283_0013_0030_0045_0045.jpg 1 13 30 45 45
1284_0022_0009_0069_0069.jpg 1 22 9 69 69
1285_0019_0026_0059_0059.jpg 1 19 26 59 59
1286_0026_0003_0066_0066.jpg 1 26 3 66 66
1287_0038_0046_0028_0028.jpg 1 38 46 28 28
1288_0019_0018_0058_0058.jpg 1 19 18 58 58
1289_0011_0018_0048_0048.jpg 1 11 18 48 48
1290_0011_0039_0038_0038.jpg 1 11 39 38 38
1291_0037_0008_0042_0042.jpg 1 37 8 42 42
1292_0027_0038_0051_0051.jpg 1 27 38 51 51
1293_0030_0009_0054_0054.jpg 1 30 9 54 54
1294_0030_0014_0029_0029.jpg 1 30 14 29 29
1295_0013_0010_0045_0045.jpg 1 13 10 45 45
1296_0015_0006_0057_0057.jpg 1 15 6 57 57
1297_0017_0038_0052_0052.jpg 1 17 38 52 52
1298_0023_0018_0064_0064.jpg 1 23 18 64 64
1299_0017_0016_0033_0033.jpg 1 17 16 33 33
1300_0031_0016_0044_0044.jpg 1 31 16 44 44
1301_0015_0020_0056_0056.jpg 1 15 20 56 56
1302_0025_0021_0066_0066.jpg 1 25 21 66 66
1303_0026_0024_0062_0062.jpg 1 26 24 62 62
1304_0036_0040_0039_0039.jpg 1 36 40 39 39
1305_0023_0022_0051_0051.jpg 1 23 22 51 51
1306_0024_0044_0043_0043.jpg 1 24 44 43 43
1307_0018_0049_0036_0036.jpg 1 18 49 36 36
1308_0020_0060_0024_0024.jpg 1 20 60 24 24
1309_0014_0018_0053_0053.jpg 1 14 18 53 53
1310_0028_0041_0043_0043.jpg 1 28 41 43 43
1311_0006_0039_0040_0040.jpg 1 6 39 40 40
1312_0023_0013_0027_0027.jpg 1 23 13 27 27
1313_0041_0045_0041_0041.jpg 1 41 45 41 41
1314_0009_0024_0045_0045.jpg 1 9 24 45 45
1315_0015_0024_0058_0058.jpg 1 15 24 58 58
1316_0032_0007_0057_0057.jpg 1 32 7 57 57
1317_0008_0026_0045_0045.jpg 1 8 26 45 45
1318_0039_0039_0035_0035.jpg 1 39 39 35 35
1319_0015_0012_0064_0064.jpg 1 15 12 64 64
1320_0014_0023_0058_0058.jpg 1 14 23 58 58
1321_0015_0020_0067_0067.jpg 1 15 20 67 67
1322_0043_0026_0041_0041.jpg 1 43 26 41 41
1323_0018_0018_0040_0040.jpg 1 18 18 40 40
1324_0054_0032_0029_0029.jpg 1 54 32 29 29
1325_0015_0006_0069_0069.jpg 1 15 6 69 69
1326_0031_0041_0026_0026.jpg 1 31 41 26 26
1327_0028_0018_0045_0045.jpg 1 28 18 45 45
1328_0024_0026_0042_0042.jpg 1 24 26 42 42
1329_0018_0045_0024_0024.jpg 1 18 45 24 24
1330_0040_0023_0035_0035.jpg 1 40 23 35 35
1331_0011_0026_0066_0066.jpg 1 11 26 66 66
1332_0020_0014_0037_0037.jpg 1 20 14 37 37
1333_0010_0026_0039_0039.jpg 1 10 26 39 39
1334_0007_0011_0036_0036.jpg 1 7 11 36 36
1335_0031_0011_0058_0058.jpg 1 31 11 58 58
1336_0008_0006_0061_0061.jpg 1 8 6 61 61
1337_0012_0015_0066_0066.jpg 1 12 15 66 66
1338_0032_0006_0047_0047.jpg 1 32 6 47 47
1339_0009_0021_0062_0062.jpg 1 9 21 62 62
1340_0023_0007_0032_0032.jpg 1 23 7 32 32
1341_0049_0037_0027_0027.jpg 1 49 37 27 27
1342_0008_0027_0042_0042.jpg 1 8 27 42 42
1343_0050_0034_0024_0024.jpg 1 50 34 24 24
1344_0032_0027_0040_0040.jpg 1 32 27 40 40
1345_0012_0023_0067_0067.jpg 1 12 23 67 67
1346_0007_0022_0024_0024.jpg 1 7 22 24 24
1347_0018_0031_0052_0052.jpg 1 18 31 52 52
1348_0037_0013_0027_0027.jpg 1 37 13 27 27
1349_0016_0033_0045_0045.jpg 1 16 33 45 45
1350_0044_0022_0032_0032.jpg 1 44 22 32 32
1351_0029_0006_0052_0052.jpg 1 29 6 52 52
1352_0022_0043_0038_0038.jpg 1 22 43 38 38
1353_0033_0019_0052_0052.jpg 1 33 19 52 52
1354_0041_0027_0046_0046.jpg 1 41 27 46 46
1355_0041_0025_0039_0039.jpg 1 41 25 39 39
1356_0055_0013_0030_0030.jpg 1 55 13 30 30
1357_0031_0013_0035_0035.jpg 1 31 13 35 35
1358_0021_0009_0060_0060.jpg 1 21 9 60 60
1359_0019_0058_0027_0027.jpg 1 19 58 27 27
1360_0019_0012_0068_0068.jpg 1 19 12 68 68
1361_0009_0026_0043_0043.jpg 1 9 26 43 43
1362_0016_0021_0056_0056.jpg 1 16 21 56 56
1363_0025_0014_0057_0057.jpg 1 25 14 57 57
1364_0015_0026_0035_0035.jpg 1 15 26 35 35
1365_0013_0030_0041_0041.jpg 1 13 30 41 41
1366_0013_0028_0044_0044.jpg 1 13 28 44 44
1367_0012_0015_0066_0066.jpg 1 12 15 66 66
1368_0022_0046_0025_0025.jpg 1 22 46 25 25
1369_0030_0017_0035_0035.jpg 1 30 17 35 35
1370_0036_0009_0024_0024.jpg 1 36 9 24 24
1371_0044_0035_0026_0026.jpg 1 44 35 26 26
1372_0013_0021_0059_0059.jpg 1 13 21 59 59
1373_0017_0020_0067_0067.jpg 1 17 20 67 67
1374_0010_0011_0037_0037.jpg 1 10 11 37 37
1375_0007_0012_0039_0039.jpg 1 7 12 39 39
1376_0043_0035_0036_0036.jpg 1 43 35 36 36
1377_0008_0036_0026_0026.jpg 1 8 36 26 26
1378_0039_0022_0049_0049.jpg 1 39 22 49 49
1379_0018_0015_0043_0043.jpg 1 18 15 43 43
1380_0029_0023_0049_0049.jpg 1 29 23 49 49
1381_0004_0015_0061_0061.jpg 1 4 15 61 61
1382_0013_0015_0038_0038.jpg 1 13 15 38 38
1383_0018_0016_0068_0068.jpg 1 18 16 68 68
1384_0017_0026_0056_0056.jpg 1 17 26 56 56
1385_0043_0035_0034_0034.jpg 1 43 35 34 34
1386_0021_0013_0065_0065.jpg 1 21 13 65 65
1387_0024_0026_0045_0045.jpg 1 24 26 45 45
1388_0027_0020_0060_0060.jpg 1 27 20 60 60
1389_0022_0029_0040_0040.jpg 1 22 29 40 40
1390_0020_0004_0067_0067.jpg 1 20 4 67 67
1391_0009_0009_0054_0054.jpg 1 9 9 54 54
1392_0020_0016_0041_0041.jpg 1 20 16 41 41
1393_0034_0034_0027_0027.jpg 1 34 34 27 27
1394_0029_0010_0027_0027.jpg 1 29 10 27 27
1395_0026_0028_0058_0058.jpg 1 26 28 58 58
1396_0048_0013_0027_0027.jpg 1 48 13 27 27
1397_0042_0030_0042_0042.jpg 1 42 30 42 42
1398_0024_0044_0029_0029.jpg 1 24 44 29 29
1399_0030_0019_0057_0057.jpg 1 30 19 57 57
1400_0029_0010_0057_0057.jpg 1 29 10 57 57
1401_0005_0012_0060_0060.jpg 1 5 12 60 60
1402_0032_0005_0055_0055.jpg 1 32 5 55 55
1403_0022_0027_0057_0057.jpg 1 22 27 57 57
1404_0015_0021_0054_0054.jpg 1 15 21 54 54
1405_0015_0016_0067_0067.jpg 1 15 16 67 67
1406_0008_0021_0036_0036.jpg 1 8 21 36 36
1407_0013_0009_0063_0063.jpg 1 13 9 63 63
1408_0027_0014_0057_0057.jpg 1 27 14 57 57
1409_0015_0040_0046_0046.jpg 1 15 40 46 46
1410_0032_0018_0036_0036.jpg 1 32 18 36 36
1411_0009_0024_0068_0068.jpg 1 9 24 68 68
1412_0016_0005_0063_0063.jpg 1 16 5 63 63
1413_0023_0009_0028_0028.jpg 1 23 9 28 28
1414_0008_0016_0043_0043.jpg 1 8 16 43 43
1415_0010_0012_0047_0047.jpg 1 10 12 47 47
1416_0029_0028_0054_0054.jpg 1 29 28 54 54
1417_0009_0040_0032_0032.jpg 1 9 40 32 32
1418_0030_0020_0031_0031.jpg 1 30 20 31 31
1419_0032_0026_0032_0032.jpg 1 32 26 32 32
1420_0030_0015_0039_0039.jpg 1 30 15 39 39
1421_0051_0031_0027_0027.jpg 1 51 31 27 27
1422_0011_0007_0068_0068.jpg 1 11 7 68 68
1423_0035_0018_0045_0045.jpg 1 35 18 45 45
1424_0038_0035_0046_0046.jpg 1 38 35 46 46
1425_0026_0032_0051_0051.jpg 1 26 32 51 51
1426_0011_0027_0047_0047.jpg 1 11 27 47 47
1427_0019_0014_0059_0059.jpg 1 19 14 59 59
1428_0031_0024_0056_0056.jpg 1 31 24 56 56
1429_0039_0058_0026_0026.jpg 1 39 58 26 26
1430_0024_0027_0065_0065.jpg 1 24 27 65 65
1431_0010_0005_0059_0059.jpg 1 10 5 59 59
1432_0014_0037_0024_0024.jpg 1 14 37 24 24
1433_0025_0041_0035_0035.jpg 1 25 41 35 35
1434_0020_0011_0056_0056.jpg 1 20 11 56 56
1435_0026_0024_0046_0046.jpg 1 26 24 46 46
1436_0017_0021_0053_0053.jpg 1 17 21 53 53
1437_0013_0020_0044_0044.jpg 1 13 20 44 44
1438_0036_0041_0040_0040.jpg 1 36 41 40 40
1439_0020_0035_0050_0050.jpg 1 20 35 50 50
1440_0021_0006_0067_0067.jpg 1 21 6 67 67
1441_0024_0032_0037_0037.jpg 1 24 32 37 37
1442_0026_0028_0061_0061.jpg 1 26 28 61 61
1443_0028_0006_0034_0034.jpg 1 28 6 34 34
1444_0016_0026_0063_0063.jpg 1 16 26 63 63
1445_0034_0034_0052_0052.jpg 1 34 34 52 52
1446_0024_0030_0028_0028.jpg 1 24 30 28 28
1447_0006_0030_0055_0055.jpg 1 6 30 55 55
1448_0023_0034_0042_0042.jpg 1 23 34 42 42
1449_0020_0033_0054_0054.jpg 1 20 33 54 54
1450_0018_0008_0065_0065.jpg 1 18 8 65 65
1451_0038_0034_0050_0050.jpg 1 38 34 50 50
1452_0016_0043_0030_0030.jpg 1 16 43 30 30
1453_0005_0028_0053_0053.jpg 1 5 28 53 53
1454_0048_0018_0037_0037.jpg 1 48 18 37 37
1455_0029_0014_0059_0059.jpg 1 29 14 59 59
1456_0029_0005_0049_0049.jpg 1 29 5 49 49
1457_0032_0031_0035_0035.jpg 1 32 31 35 35
1458_0054_0027_0031_0031.jpg 1 54 27 31 31
1459_0009_0007_0047_0047.jpg 1 9 7 47 47
1460_0034_0016_0032_0032.jpg 1 34 16 32 32
1461_0040_0010_0046_0046.jpg 1 40 10 46 46
1462_0050_0042_0024_0024.jpg 1 50 42 24 24
1463_0043_0019_0033_0033.jpg 1 43 19 33 33
1464_0004_0005_0056_0056.jpg 1 4 5 56 56
1465_0011_0024_0064_0064.jpg 1 11 24 64 64
1466_0006_0021_0049_0049.jpg 1 6 21 49 49
1467_0045_0041_0034_0034.jpg 1 45 41 34 34
1468_0022_0031_0026_0026.jpg 1 22 31 26 26
1469_0046_0022_0029_0029.jpg 1 46 22 29 29
1470_0013_0013_0042_0042.jpg 1 13 13 42 42
1471_0005_0012_0062_0062.jpg 1 5 12 62 62
1472_0033_0057_0026_0026.jpg 1 33 57 26 26
1473_0016_0031_0028_0028.jpg 1 16 31 28 28
1474_0010_0053_0032_0032.jpg 1 10 53 32 32
1475_0027_0009_0038_0038.jpg 1 27 9 38 38
1476_0013_0025_0050_0050.jpg 1 13 25 50 50
1477_0012_0021_0046_0046.jpg 1 12 21 46 46
1478_0008_0011_0069_0069.jpg 1 8 11 69 69
1479_0006_0019_0059_0059.jpg 1 6 19 59 59
1480_0009_0019_0065_0065.jpg 1 9 19 65 65
1481_0020_0030_0060_0060.jpg 1 20 30 60 60
1482_0043_0045_0024_0024.jpg 1 43 45 24 24
1483_0022_0007_0037_0037.jpg 1 22 7 37 37
1484_0027_0026_0053_0053.jpg 1 27 26 53 53
1485_0016_0027_0065_0065.jpg 1 16 27 65 65
1486_0019_0019_0066_0066.jpg 1 19 19 66 66
1487_0014_0019_0063_0063.jpg 1 14 19 63 63
1488_0031_0033_0056_0056.jpg 1 31 33 56 56
1489_0016_0013_0068_0068.jpg 1 16 13 68 68
1490_0039_0042_0043_0043.jpg 1 39 42 43 43
1491_0030_0030_0060_0060.jpg 1 30 30 60 60
1492_0022_0014_0055_0055.jpg 1 22 14 55 55
1493_0021_0017_0043_0043.jpg 1 21 17 43 43
1494_0026_0026_0055_0055.jpg 1 26 26 55 55
1495_0025_0022_0049_0049.jpg 1 25 22 49 49
1496_0041_0017_0036_0036.jpg 1 41 17 36 36
1497_0022_0004_0059_0059.jpg 1 22 4 59 59
1498_0020_0018_0057_0057.jpg 1 20 18 57 57
1499_0005_0008_0056_0056.jpg 1 5 8 56 56
1500_0015_0010_0047_0047.jpg 1 15 10 47 47
1501_0020_0017_0064_0064.jpg 1 20 17 64 64
1502_0009_0029_0062_0062.jpg 1 9 29 62 62
1503_0033_0017_0057_0057.jpg 1 33 17 57 57
1504_0023_0019_0064_0064.jpg 1 23 19 64 64
1505_0011_0018_0056_0056.jpg 1 11 18 56 56
1506_0027_0005_0054_0054.jpg 1 27 5 54 54
1507_0033_0020_0037_0037.jpg 1 33 20 37 37
1508_0028_0057_0026_0026.jpg 1 28 57 26 26
1509_0016_0033_0052_0052.jpg 1 16 33 52 52
1510_0026_0019_0053_0053.jpg 1 26 19 53 53
1511_0024_0020_0064_0064.jpg 1 24 20 64 64
1512_0010_0042_0033_0033.jpg 1 10 42 33 33
1513_0009_0009_0055_0055.jpg 1 9 9 55 55
1514_0028_0011_0041_0041.jpg 1 28 11 41 41
1515_0012_0005_0066_0066.jpg 1 12 5 66 66
1516_0038_0021_0027_0027.jpg 1 38 21 27 27
1517_0021_0032_0025_0025.jpg 1 21 32 25 25
1518_0025_0006_0064_0064.jpg 1 25 6 64 64
1519_0028_0007_0061_0061.jpg 1 28 7 61 61
1520_0045_0030_0043_0043.jpg 1 45 30 43 43
1521_0027_0011_0058_0058.jpg 1 27 11 58 58
1522_0012_0013_0068_0068.jpg 1 12 13 68 68
1523_0020_0025_0029_0029.jpg 1 20 25 29 29
1524_0008_0020_0065_0065.jpg 1 8 20 65 65
1525_0031_0022_0033_0033.jpg 1 31 22 33 33
1526_0011_0022_0054_0054.jpg 1 11 22 54 54
1527_0046_0052_0029_0029.jpg 1 46 52 29 29
1528_0049_0050_0032_0032.jpg 1 49 50 32 32
1529_0020_0025_0065_0065.jpg 1 20 25 65 65
1530_0019_0011_0069_0069.jpg 1 19 11 69 69
1531_0015_0041_0033_0033.jpg 1 15 41 33 33
1532_0040_0022_0049_0049.jpg 1 40 22 49 49
1533_0041_0042_0040_0040.jpg 1 41 42 40 40
1534_0021_0012_0031_0031.jpg 1 21 12 31 31
1535_0010_0025_0064_0064.jpg 1 10 25 64 64
1536_0050_0034_0026_0026.jpg 1 50 34 26 26
1537_0025_0023_0048_0048.jpg 1 25 23 48 48
1538_0012_0016_0069_0069.jpg 1 12 16 69 69
1539_0006_0034_0043_0043.jpg 1 6 34 43 43
1540_0014_0020_0061_0061.jpg 1 14 20 61 61
1541_0015_0022_0043_0043.jpg 1 15 22 43 43
1542_0027_0008_0040_0040.jpg 1 27 8 40 40
1543_0038_0042_0038_0038.jpg 1 38 42 38 38
1544_0047_0051_0030_0030.jpg 1 47 51 30 30
1545_0008_0036_0038_0038.jpg 1 8 36 38 38
1546_0055_0025_0029_0029.jpg 1 55 25 29 29
1547_0028_0030_0032_0032.jpg 1 28 30 32 32
1548_0030_0030_0028_0028.jpg 1 30 30 28 28
1549_0031_0012_0059_0059.jpg 1 31 12 59 59
1550_0030_0045_0026_0026.jpg 1 30 45 26 26
1551_0053_0051_0025_0025.jpg 1 53 51 25 25
1552_0030_0016_0030_0030.jpg 1 30 16 30 30
1553_0006_0044_0043_0043.jpg 1 6 44 43 43
1554_0030_0019_0029_0029.jpg 1 30 19 29 29
1555_0035_0040_0045_0045.jpg 1 35 40 45 45
1556_0005_0022_0061_0061.jpg 1 5 22 61 61
1557_0020_0009_0030_0030.jpg 1 20 9 30 30
1558_0008_0009_0061_0061.jpg 1 8 9 61 61
1559_0025_0025_0039_0039.jpg 1 25 25 39 39
1560_0023_0036_0045_0045.jpg 1 23 36 45 45
1561_0011_0032_0054_0054.jpg 1 11 32 54 54
1562_0049_0021_0036_0036.jpg 1 49 21 36 36
1563_0025_0026_0058_0058.jpg 1 25 26 58 58
1564_0034_0030_0045_0045.jpg 1 34 30 45 45
1565_0019_0032_0049_0049.jpg 1 19 32 49 49
1566_0024_0012_0059_0059.jpg 1 24 12 59 59
1567_0009_0015_0025_0025.jpg 1 9 15 25 25
1568_0006_0042_0042_0042.jpg 1 6 42 42 42
1569_0021_0028_0055_0055.jpg 1 21 28 55 55
1570_0039_0012_0036_0036.jpg 1 39 12 36 36
1571_0005_0023_0068_0068.jpg 1 5 23 68 68
1572_0045_0014_0025_0025.jpg 1 45 14 25 25
1573_0024_0024_0057_0057.jpg 1 24 24 57 57
1574_0017_0012_0054_0054.jpg 1 17 12 54 54
1575_0036_0026_0040_0040.jpg 1 36 26 40 40
1576_0010_0007_0065_0065.jpg 1 10 7 65 65
1577_0006_0034_0055_0055.jpg 1 6 34 55 55
1578_0006_0004_0056_0056.jpg 1 6 4 56 56
1579_0029_0009_0061_0061.jpg 1 29 9 61 61
1580_0025_0008_0065_0065.jpg 1 25 8 65 65
1581_0033_0006_0051_0051.jpg 1 33 6 51 51
1582_0033_0023_0050_0050.jpg 1 33 23 50 50
1583_0033_0013_0043_0043.jpg 1 33 13 43 43
1584_0011_0013_0059_0059.jpg 1 11 13 59 59
1585_0007_0006_0049_0049.jpg 1 7 6 49 49
1586_0015_0025_0035_0035.jpg 1 15 25 35 35
1587_0052_0020_0031_0031.jpg 1 52 20 31 31
1588_0004_0019_0069_0069.jpg 1 4 19 69 69
1589_0022_0025_0055_0055.jpg 1 22 25 55 55
1590_0013_0038_0043_0043.jpg 1 13 38 43 43
1591_0015_0019_0064_0064.jpg 1 15 19 64 64
1592_0045_0006_0042_0042.jpg 1 45 6 42 42
1593_0034_0017_0044_0044.jpg 1 34 17 44 44
1594_0037_0016_0048_0048.jpg 1 37 16 48 48
1595_0014_0011_0067_0067.jpg 1 14 11 67 67
1596_0020_0018_0049_0049.jpg 1 20 18 49 49
1597_0023_0017_0045_0045.jpg 1 23 17 45 45
1598_0006_0010_0042_0042.jpg 1 6 10 42 42
1599_0028_0021_0055_0055.jpg 1 28 21 55 55
1600_0007_0019_0068_0068.jpg 1 7 19 68 68
1601_0015_0014_0049_0049.jpg 1 15 14 49 49
1602_0009_0054_0030_0030.jpg 1 9 54 30 30
1603_0032_0008_0051_0051.jpg 1 32 8 51 51
1604_0035_0042_0031_0031.jpg 1 35 42 31 31
1605_0018_0018_0029_0029.jpg 1 18 18 29 29
1606_0008_0023_0029_0029.jpg 1 8 23 29 29
1607_0006_0019_0063_0063.jpg 1 6 19 63 63
1608_0019_0018_0069_0069.jpg 1 19 18 69 69
1609_0034_0045_0026_0026.jpg 1 34 45 26 26
1610_0024_0007_0052_0052.jpg 1 24 7 52 52
1611_0040_0044_0027_0027.jpg 1 40 44 27 27
1612_0021_0005_0062_0062.jpg 1 21 5 62 62
1613_0007_0004_0055_0055.jpg 1 7 4 55 55
1614_0011_0034_0047_0047.jpg 1 11 34 47 47
1615_0025_0013_0062_0062.jpg 1 25 13 62 62
1616_0013_0008_0062_0062.jpg 1 13 8 62 62
1617_0009_0010_0041_0041.jpg 1 9 10 41 41
1618_0019_0021_0059_0059.jpg 1 19 21 59 59
1619_0038_0033_0031_0031.jpg 1 38 33 31 31
1620_0013_0027_0025_0025.jpg 1 13 27 25 25
1621_0042_0031_0028_0028.jpg 1 42 31 28 28
1622_0049_0008_0028_0028.jpg 1 49 8 28 28
1623_0042_0025_0041_0041.jpg 1 42 25 41 41
1624_0010_0045_0042_0042.jpg 1 10 45 42 42
1625_0019_0031_0043_0043.jpg 1 19 31 43 43
1626_0005_0009_0069_0069.jpg 1 5 9 69 69
1627_0013_0013_0043_0043.jpg 1 13 13 43 43
1628_0015_0026_0039_0039.jpg 1 15 26 39 39
1629_0044_0029_0040_0040.jpg 1 44 29 40 40
1630_0013_0041_0032_0032.jpg 1 13 41 32 32
1631_0023_0019_0053_0053.jpg 1 23 19 53 53
1632_0021_0023_0037_0037.jpg 1 21 23 37 37
1633_0007_0026_0050_0050.jpg 1 7 26 50 50
1634_0021_0018_0061_0061.jpg 1 21 18 61 61
1635_0011_0029_0056_0056.jpg 1 11 29 56 56
1636_0013_0031_0035_0035.jpg 1 13 31 35 35
1637_0023_0016_0027_0027.jpg 1 23 16 27 27
1638_0008_0021_0066_0066.jpg 1 8 21 66 66
1639_0036_0025_0045_0045.jpg 1 36 25 45 45
1640_0033_0007_0052_0052.jpg 1 33 7 52 52
1641_0019_0028_0053_0053.jpg 1 19 28 53 53
1642_0019_0017_0051_0051.jpg 1 19 17 51 51
1643_0019_0007_0050_0050.jpg 1 19 7 50 50
1644_0023_0026_0049_0049.jpg 1 23 26 49 49
1645_0017_0021_0034_0034.jpg 1 17 21 34 34
1646_0023_0033_0039_0039.jpg 1 23 33 39 39
1647_0009_0013_0043_0043.jpg 1 9 13 43 43
1648_0026_0006_0064_0064.jpg 1 26 6 64 64
1649_0048_0018_0026_0026.jpg 1 48 18 26 26
1650_0024_0014_0035_0035.jpg 1 24 14 35 35
1651_0011_0006_0052_0052.jpg 1 11 6 52 52
1652_0023_0007_0032_0032.jpg 1 23 7 32 32
1653_0021_0009_0062_0062.jpg 1 21 9 62 62
1654_0022_0009_0065_0065.jpg 1 22 9 65 65
1655_0008_0007_0033_0033.jpg 1 8 7 33 33
1656_0013_0035_0055_0055.jpg 1 13 35 55 55
1657_0045_0031_0030_0030.jpg 1 45 31 30 30
1658_0030_0017_0056_0056.jpg 1 30 17 56 56
1659_0019_0027_0064_0064.jpg 1 19 27 64 64
1660_0014_0008_0050_0050.jpg 1 14 8 50 50
1661_0032_0009_0045_0045.jpg 1 32 9 45 45
1662_0012_0005_0050_0050.jpg 1 12 5 50 50
1663_0022_0032_0051_0051.jpg 1 22 32 51 51
1664_0045_0035_0041_0041.jpg 1 45 35 41 41
1665_0020_0008_0045_0045.jpg 1 20 8 45 45
1666_0013_0038_0049_0049.jpg 1 13 38 49 49
1667_0018_0013_0059_0059.jpg 1 18 13 59 59
1668_0017_0033_0048_0048.jpg 1 17 33 48 48
1669_0019_0023_0067_0067.jpg 1 19 23 67 67
1670_0005_0009_0063_0063.jpg 1 5 9 63 63
1671_0043_0042_0037_0037.jpg 1 43 42 37 37
1672_0042_0042_0033_0033.jpg 1 42 42 33 33
1673_0009_0027_0055_0055.jpg 1 9 27 55 55
1674_0041_0033_0030_0030.jpg 1 41 33 30 30
1675_0044_0014_0025_0025.jpg 1 44 14 25 25
1676_0036_0052_0032_0032.jpg 1 36 52 32 32
1677_0032_0026_0030_0030.jpg 1 32 26 30 30
1678_0014_0033_0041_0041.jpg 1 14 33 41 41
1679_0011_0010_0042_0042.jpg 1 11 10 42 42
1680_0038_0035_0026_0026.jpg 1 38 35 26 26
1681_0008_0020_0046_0046.jpg 1 8 20 46 46
1682_0022_0025_0059_0059.jpg 1 22 25 59 59
1683_0004_0013_0063_0063.jpg 1 4 13 63 63
1684_0009_0041_0028_0028.jpg 1 9 41 28 28
1685_0007_0019_0058_0058.jpg 1 7 19 58 58
1686_0015_0005_0063_0063.jpg 1 15 5 63 63
1687_0022_0014_0042_0042.jpg 1 22 14 42 42
1688_0027_0051_0024_0024.jpg 1 27 51 24 24
1689_0033_0033_0050_0050.jpg 1 33 33 50 50
1690_0035_0017_0025_0025.jpg 1 35 17 25 25
1691_0004_0010_0060_0060.jpg 1 4 10 60 60
1692_0013_0006_0067_0067.jpg 1 13 6 67 67
1693_0030_0021_0047_0047.jpg 1 30 21 47 47
1694_0027_0011_0065_0065.jpg 1 27 11 65 65
1695_0054_0032_0024_0024.jpg 1 54 32 24 24
1696_0036_0020_0024_0024.jpg 1 36 20 24 24
1697_0020_0013_0044_0044.jpg 1 20 13 44 44
1698_0023_0016_0063_0063.jpg 1 23 16 63 63
1699_0011_0014_0040_0040.jpg 1 11 14 40 40
1700_0010_0011_0053_0053.jpg 1 10 11 53 53
1701_0035_0005_0051_0051.jpg 1 35 5 51 51
1702_0025_0046_0030_0030.jpg 1 25 46 30 30
1703_0052_0010_0024_0024.jpg 1 52 10 24 24
1704_0033_0005_0045_0045.jpg 1 33 5 45 45
1705_0020_0013_0051_0051.jpg 1 20 13 51 51
1706_0017_0046_0024_0024.jpg 1 17 46 24 24
1707_0016_0026_0063_0063.jpg 1 16 26 63 63
1708_0011_0023_0024_0024.jpg 1 11 23 24 24
1709_0047_0030_0039_0039.jpg 1 47 30 39 39
1710_0049_0008_0028_0028.jpg 1 49 8 28 28
1711_0008_0028_0060_0060.jpg 1 8 28 60 60
1712_0016_0021_0058_0058.jpg 1 16 21 58 58
1713_0021_0022_0048_0048.jpg 1 21 22 48 48
1714_0043_0030_0030_0030.jpg 1 43 30 30 30
1715_0040_0029_0026_0026.jpg 1 40 29 26 26
1716_0029_0004_0062_0062.jpg 1 29 4 62 62
1717_0035_0054_0026_0026.jpg 1 35 54 26 26
1718_0038_0015_0033_0033.jpg 1 38 15 33 33
1719_0044_0018_0036_0036.jpg 1 44 18 36 36
1720_0029_0048_0035_0035.jpg 1 29 48 35 35
1721_0017_0010_0069_0069.jpg 1 17 10 69 69
1722_0035_0024_0048_0048.jpg 1 35 24 48 48
1723_0008_0014_0063_0063.jpg 1 8 14 63 63
1724_0025_0013_0046_0046.jpg 1 25 13 46 46
1725_0010_0034_0039_0039.jpg 1 10 34 39 39
1726_0025_0037_0046_0046.jpg 1 25 37 46 46
1727_0010_0041_0041_0041.jpg 1 10 41 41 41
1728_0021_0006_0052_0052.jpg 1 21 6 52 52
1729_0027_0015_0065_0065.jpg 1 27 15 65 65
1730_0016_0005_0065_0065.jpg 1 16 5 65 65
1731_0035_0005_0054_0054.jpg 1 35 5 54 54
1732_0011_0013_0068_0068.jpg 1 11 13 68 68
1733_0006_0025_0068_0068.jpg 1 6 25 68 68
1734_0047_0007_0033_0033.jpg 1 47 7 33 33
1735_0024_0020_0029_0029.jpg 1 24 20 29 29
1736_0052_0048_0027_0027.jpg 1 52 48 27 27
1737_0015_0029_0053_0053.jpg 1 15 29 53 53
1738_0017_0016_0048_0048.jpg 1 17 16 48 48
1739_0017_0033_0049_0049.jpg 1 17 33 49 49
1740_0053_0047_0032_0032.jpg 1 53 47 32 32
1741_0028_0012_0057_0057.jpg 1 28 12 57 57
1742_0022_0024_0052_0052.jpg 1 22 24 52 52
1743_0048_0019_0031_0031.jpg 1 48 19 31 31
1744_0009_0014_0068_0068.jpg 1 9 14 68 68
1745_0033_0029_0028_0028.jpg 1 33 29 28 28
1746_0028_0024_0056_0056.jpg 1 28 24 56 56
1747_0024_0032_0027_0027.jpg 1 24 32 27 27
1748_0046_0048_0034_0034.jpg 1 46 48 34 34
1749_0016_0011_0037_0037.jpg 1 16 11 37 37
1750_0025_0018_0059_0059.jpg 1 25 18 59 59
1751_0030_0011_0056_0056.jpg 1 30 11 56 56
1752_0045_0048_0028_0028.jpg 1 45 48 28 28
1753_0018_0020_0062_0062.jpg 1 18 20 62 62
1754_0036_0013_0044_0044.jpg 1 36 13 44 44
1755_0007_0042_0040_0040.jpg 1 7 42 40 40
1756_0050_0017_0033_0033.jpg 1 50 17 33 33
1757_0015_0010_0063_0063.jpg 1 15 10 63 63
1758_0021_0016_0056_0056.jpg 1 21 16 56 56
1759_0006_0013_0059_0059.jpg 1 6 13 59 59
1760_0022_0034_0051_0051.jpg 1 22 34 51 51
1761_0020_0045_0037_0037.jpg 1 20 45 37 37
1762_0052_0014_0024_0024.jpg 1 52 14 24 24
1763_0014_0013_0055_0055.jpg 1 14 13 55 55
1764_0058_0009_0024_0024.jpg 1 58 9 24 24
1765_0037_0011_0032_0032.jpg 1 37 11 32 32
1766_0010_0004_0067_0067.jpg 1 10 4 67 67
1767_0018_0032_0044_0044.jpg 1 18 32 44 44
1768_0033_0024_0041_0041.jpg 1 33 24 41 41
1769_0019_0015_0058_0058.jpg 1 19 15 58 58
1770_0048_0006_0039_0039.jpg 1 48 6 39 39
1771_0007_0027_0053_0053.jpg 1 7 27 53 53
1772_0049_0044_0024_0024.jpg 1 49 44 24 24
1773_0025_0028_0048_0048.jpg 1 25 28 48 48
1774_0011_0024_0068_0068.jpg 1 11 24 68 68
1775_0024_0018_0062_0062.jpg 1 24 18 62 62
1776_0006_0005_0061_0061.jpg 1 6 5 61 61
1777_0030_0055_0027_0027.jpg 1 30 55 27 27
1778_0010_0026_0056_0056.jpg 1 10 26 56 56
1779_0013_0046_0031_0031.jpg 1 13 46 31 31
1780_0010_0016_0060_0060.jpg 1 10 16 60 60
1781_0020_0043_0036_0036.jpg 1 20 43 36 36
1782_0017_0045_0034_0034.jpg 1 17 45 34 34
1783_0040_0041_0026_0026.jpg 1 40 41 26 26
1784_0009_0048_0028_0028.jpg 1 9 48 28 28
1785_0023_0030_0046_0046.jpg 1 23 30 46 46
1786_0032_0012_0050_0050.jpg 1 32 12 50 50
1787_0016_0036_0031_0031.jpg 1 16 36 31 31
1788_0012_0046_0041_0041.jpg 1 12 46 41 41
1789_0033_0021_0053_0053.jpg 1 33 21 53 53
1790_0020_0013_0069_0069.jpg 1 20 13 69 69
1791_0050_0021_0030_0030.jpg 1 50 21 30 30
1792_0056_0024_0024_0024.jpg 1 56 24 24 24
1793_0010_0004_0053_0053.jpg 1 10 4 53 53
1794_0035_0041_0039_0039.jpg 1 35 41 39 39
1795_0019_0021_0062_0062.jpg 1 19 21 62 62
1796_0023_0047_0025_0025.jpg 1 23 47 25 25
1797_0008_0025_0066_0066.jpg 1 8 25 66 66
1798_0041_0006_0044_0044.jpg 1 41 6 44 44
1799_0019_0004_0054_0054.jpg 1 19 4 54 54
1800_0029_0036_0038_0038.jpg 1 29 36 38 38
1801_0024_0019_0069_0069.jpg 1 24 19 69 69
1802_0051_0044_0031_0031.jpg 1 51 44 31 31
1803_0021_0028_0064_0064.jpg 1 21 28 64 64
1804_0033_0006_0045_0045.jpg 1 33 6 45 45
1805_0031_0022_0031_0031.jpg 1 31 22 31 31
1806_0010_0021_0067_0067.jpg 1 10 21 67 67
1807_0017_0008_0049_0049.jpg 1 17 8 49 49
1808_0040_0036_0043_0043.jpg 1 40 36 43 43
1809_0023_0050_0030_0030.jpg 1 23 50 30 30
1810_0017_0019_0067_0067.jpg 1 17 19 67 67
1811_0008_0016_0046_0046.jpg 1 8 16 46 46
1812_0027_0010_0033_0033.jpg 1 27 10 33 33
1813_0016_0034_0038_0038.jpg 1 16 34 38 38
1814_0024_0025_0053_0053.jpg 1 24 25 53 53
1815_0012_0016_0058_0058.jpg 1 12 16 58 58
1816_0012_0009_0053_0053.jpg 1 12 9 53 53
1817_0028_0030_0061_0061.jpg 1 28 30 61 61
1818_0011_0034_0030_0030.jpg 1 11 34 30 30
1819_0027_0044_0035_0035.jpg 1 27 44 35 35
1820_0017_0014_0069_0069.jpg 1 17 14 69 69
1821_0038_0009_0033_0033.jpg 1 38 9 33 33
1822_0018_0021_0057_0057.jpg 1 18 21 57 57
1823_0037_0030_0050_0050.jpg 1 37 30 50 50
1824_0024_0026_0030_0030.jpg 1 24 26 30 30
1825_0013_0022_0038_0038.jpg 1 13 22 38 38
1826_0023_0017_0043_0043.jpg 1 23 17 43 43
1827_0018_0020_0045_0045.jpg 1 18 20 45 45
1828_0044_0035_0029_0029.jpg 1 44 35 29 29
1829_0038_0019_0029_0029.jpg 1 38 19 29 29
1830_0059_0017_0025_0025.jpg 1 59 17 25 25
1831_0019_0037_0053_0053.jpg 1 19 37 53 53
1832_0021_0007_0051_0051.jpg 1 21 7 51 51
1833_0041_0044_0041_0041.jpg 1 41 44 41 41
1834_0019_0025_0044_0044.jpg 1 19 25 44 44
1835_0016_0020_0055_0055.jpg 1 16 20 55 55
1836_0032_0036_0041_0041.jpg 1 32 36 41 41
1837_0010_0039_0042_0042.jpg 1 10 39 42 42
1838_0015_0016_0058_0058.jpg 1 15 16 58 58
1839_0024_0026_0062_0062.jpg 1 24 26 62 62
1840_0031_0042_0027_0027.jpg 1 31 42 27 27
1841_0025_0017_0040_0040.jpg 1 25 17 40 40
1842_0024_0026_0026_0026.jpg 1 24 26 26 26
1843_0007_0010_0069_0069.jpg 1 7 10 69 69
1844_0019_0035_0048_0048.jpg 1 19 35 48 48
1845_0049_0016_0032_0032.jpg 1 49 16 32 32
1846_0018_0027_0056_0056.jpg 1 18 27 56 56
1847_0012_0014_0040_0040.jpg 1 12 14 40 40
1848_0047_0014_0036_0036.jpg 1 47 14 36 36
1849_0018_0021_0066_0066.jpg 1 18 21 66 66
1850_0022_0049_0031_0031.jpg 1 22 49 31 31
1851_0020_0008_0052_0052.jpg 1 20 8 52 52
1852_0013_0034_0054_0054.jpg 1 13 34 54 54
1853_0013_0017_0049_0049.jpg 1 13 17 49 49
1854_0038_0016_0026_0026.jpg 1 38 16 26 26
1855_0017_0040_0039_0039.jpg 1 17 40 39 39
1856_0018_0017_0069_0069.jpg 1 18 17 69 69
1857_0016_0006_0065_0065.jpg 1 16 6 65 65
1858_0032_0017_0057_0057.jpg 1 32 17 57 57
1859_0013_0030_0061_0061.jpg 1 13 30 61 61
1860_0003_0009_0067_0067.jpg 1 3 9 67 67
1861_0027_0026_0037_0037.jpg 1 27 26 37 37
1862_0007_0030_0030_0030.jpg 1 7 30 30 30
1863_0052_0021_0024_0024.jpg 1 52 21 24 24
1864_0022_0015_0044_0044.jpg 1 22 15 44 44
1865_0029_0017_0044_0044.jpg 1 29 17 44 44
1866_0025_0015_0062_0062.jpg 1 25 15 62 62
1867_0020_0027_0063_0063.jpg 1 20 27 63 63
1868_0039_0049_0028_0028.jpg 1 39 49 28 28
1869_0007_0037_0047_0047.jpg 1 7 37 47 47
1870_0016_0033_0042_0042.jpg 1 16 33 42 42
1871_0017_0032_0041_0041.jpg 1 17 32 41 41
1872_0025_0051_0033_0033.jpg 1 25 51 33 33
1873_0009_0011_0040_0040.jpg 1 9 11 40 40
1874_0038_0007_0051_0051.jpg 1 38 7 51 51
1875_0052_0011_0025_0025.jpg 1 52 11 25 25
1876_0028_0015_0050_0050.jpg 1 28 15 50 50
1877_0029_0011_0056_0056.jpg 1 29 11 56 56
1878_0026_0012_0059_0059.jpg 1 26 12 59 59
1879_0028_0019_0058_0058.jpg 1 28 19 58 58
1880_0015_0005_0065_0065.jpg 1 15 5 65 65
1881_0044_0025_0026_0026.jpg 1 44 25 26 26
1882_0022_0020_0061_0061.jpg 1 22 20 61 61
1883_0019_0012_0069_0069.jpg 1 19 12 69 69
1884_0024_0025_0053_0053.jpg 1 24 25 53 53
1885_0017_0018_0049_0049.jpg 1 17 18 49 49
1886_0038_0023_0052_0052.jpg 1 38 23 52 52
1887_0015_0021_0059_0059.jpg 1 15 21 59 59
1888_0009_0031_0030_0030.jpg 1 9 31 30 30
1889_0012_0042_0045_0045.jpg 1 12 42 45 45
1890_0028_0008_0031_0031.jpg 1 28 8 31 31
1891_0007_0034_0041_0041.jpg 1 7 34 41 41
1892_0006_0012_0060_0060.jpg 1 6 12 60 60
1893_0043_0053_0030_0030.jpg 1 43 53 30 30
1894_0024_0031_0044_0044.jpg 1 24 31 44 44
1895_0011_0010_0067_0067.jpg 1 11 10 67 67
1896_0033_0031_0054_0054.jpg 1 33 31 54 54
1897_0016_0041_0042_0042.jpg 1 16 41 42 42
1898_0030_0011_0046_0046.jpg 1 30 11 46 46
1899_0028_0021_0043_0043.jpg 1 28 21 43 43
1900_0048_0029_0030_0030.jpg 1 48 29 30 30
1901_0030_0009_0044_0044.jpg 1 30 9 44 44
1902_0022_0006_0063_0063.jpg 1 22 6 63 63
1903_0024_0008_0064_0064.jpg 1 24 8 64 64
1904_0012_0031_0050_0050.jpg 1 12 31 50 50
1905_0020_0019_0066_0066.jpg 1 20 19 66 66
1906_0030_0041_0046_0046.jpg 1 30 41 46 46
1907_0016_0022_0044_0044.jpg 1 16 22 44 44
1908_0012_0025_0045_0045.jpg 1 12 25 45 45
1909_0030_0026_0059_0059.jpg 1 30 26 59 59
1910_0004_0013_0063_0063.jpg 1 4 13 63 63
1911_0020_0014_0050_0050.jpg 1 20 14 50 50
1912_0027_0042_0047_0047.jpg 1 27 42 47 47
1913_0022_0009_0068_0068.jpg 1 22 9 68 68
1914_0021_0026_0025_0025.jpg 1 21 26 25 25
1915_0016_0013_0051_0051.jpg 1 16 13 51 51
1916_0041_0042_0039_0039.jpg 1 41 42 39 39
1917_0022_0021_0059_0059.jpg 1 22 21 59 59
1918_0044_0040_0036_0036.jpg 1 44 40 36 36
1919_0026_0036_0040_0040.jpg 1 26 36 40 40
1920_0025_0024_0066_0066.jpg 1 25 24 66 66
1921_0039_0029_0035_0035.jpg 1 39 29 35 35
1922_0033_0043_0042_0042.jpg 1 33 43 42 42
1923_0035_0007_0026_0026.jpg 1 35 7 26 26
1924_0030_0008_0028_0028.jpg 1 30 8 28 28
1925_0037_0009_0039_0039.jpg 1 37 9 39 39
1926_0008_0016_0055_0055.jpg 1 8 16 55 55
1927_0026_0023_0035_0035.jpg 1 26 23 35 35
1928_0011_0025_0049_0049.jpg 1 11 25 49 49
1929_0017_0039_0047_0047.jpg 1 17 39 47 47
1930_0021_0036_0046_0046.jpg 1 21 36 46 46
1931_0015_0052_0034_0034.jpg 1 15 52 34 34
1932_0025_0008_0064_0064.jpg 1 25 8 64 64
1933_0023_0026_0030_0030.jpg 1 23 26 30 30
1934_0025_0025_0062_0062.jpg 1 25 25 62 62
1935_0055_0028_0028_0028.jpg 1 55 28 28 28
1936_0010_0049_0028_0028.jpg 1 10 49 28 28
1937_0022_0031_0030_0030.jpg 1 22 31 30 30
1938_0036_0023_0037_0037.jpg 1 36 23 37 37
1939_0046_0038_0025_0025.jpg 1 46 38 25 25
1940_0015_0010_0060_0060.jpg 1 15 10 60 60
1941_0032_0008_0026_0026.jpg 1 32 8 26 26
1942_0005_0016_0065_0065.jpg 1 5 16 65 65
1943_0016_0039_0047_0047.jpg 1 16 39 47 47
1944_0027_0024_0063_0063.jpg 1 27 24 63 63
1945_0012_0048_0034_0034.jpg 1 12 48 34 34
1946_0015_0047_0026_0026.jpg 1 15 47 26 26
1947_0033_0007_0048_0048.jpg 1 33 7 48 48
1948_0026_0009_0051_0051.jpg 1 26 9 51 51
1949_0008_0030_0047_0047.jpg 1 8 30 47 47
1950_0017_0018_0035_0035.jpg 1 17 18 35 35
1951_0025_0051_0035_0035.jpg 1 25 51 35 35
1952_0028_0025_0054_0054.jpg 1 28 25 54 54
1953_0014_0011_0028_0028.jpg 1 14 11 28 28
1954_0036_0025_0053_0053.jpg 1 36 25 53 53
1955_0011_0028_0064_0064.jpg 1 11 28 64 64
1956_0056_0044_0029_0029.jpg 1 56 44 29 29
1957_0009_0026_0066_0066.jpg 1 9 26 66 66
1958_0009_0013_0038_0038.jpg 1 9 13 38 38
1959_0031_0044_0029_0029.jpg 1 31 44 29 29
1960_0018_0024_0064_0064.jpg 1 18 24 64 64
1961_0035_0013_0039_0039.jpg 1 35 13 39 39
1962_0009_0046_0024_0024.jpg 1 9 46 24 24
1963_0021_0018_0032_0032.jpg 1 21 18 32 32
1964_0014_0022_0066_0066.jpg 1 14 22 66 66
1965_0005_0011_0044_0044.jpg 1 5 11 44 44
1966_0016_0005_0048_0048.jpg 1 16 5 48 48
1967_0004_0006_0064_0064.jpg 1 4 6 64 64
1968_0041_0043_0029_0029.jpg 1 41 43 29 29
1969_0037_0030_0042_0042.jpg 1 37 30 42 42
1970_0016_0025_0061_0061.jpg 1 16 25 61 61
1971_0050_0054_0029_0029.jpg 1 50 54 29 29
1972_0032_0013_0042_0042.jpg 1 32 13 42 42
1973_0014_0042_0029_0029.jpg 1 14 42 29 29
1974_0033_0026_0026_0026.jpg 1 33 26 26 26
1975_0022_0029_0039_0039.jpg 1 22 29 39 39
1976_0013_0011_0047_0047.jpg 1 13 11 47 47
1977_0038_0033_0032_0032.jpg 1 38 33 32 32
1978_0019_0013_0039_0039.jpg 1 19 13 39 39
1979_0016_0013_0032_0032.jpg 1 16 13 32 32
1980_0016_0021_0044_0044.jpg 1 16 21 44 44
1981_0012_0045_0035_0035.jpg 1 12 45 35 35
1982_0034_0016_0051_0051.jpg 1 34 16 51 51
1983_0025_0035_0026_0026.jpg 1 25 35 26 26
1984_0036_0009_0045_0045.jpg 1 36 9 45 45
1985_0011_0009_0059_0059.jpg 1 11 9 59 59
1986_0011_0009_0054_0054.jpg 1 11 9 54 54
1987_0015_0022_0043_0043.jpg 1 15 22 43 43
1988_0021_0016_0029_0029.jpg 1 21 16 29 29
1989_0013_0015_0062_0062.jpg 1 13 15 62 62
1990_0027_0021_0061_0061.jpg 1 27 21 61 61
1991_0055_0037_0029_0029.jpg 1 55 37 29 29
1992_0017_0009_0060_0060.jpg 1 17 9 60 60
1993_0040_0056_0028_0028.jpg 1 40 56 28 28
1994_0026_0040_0042_0042.jpg 1 26 40 42 42
1995_0026_0046_0031_0031.jpg 1 26 46 31 31
1996_0008_0004_0069_0069.jpg 1 8 4 69 69
1997_0025_0048_0030_0030.jpg 1 25 48 30 30
1998_0006_0049_0037_0037.jpg 1 6 49 37 37
1999_0030_0014_0054_0054.jpg 1 30 14 54 54
2000_0005_0017_0066_0066.jpg 1 5 17 66 66
2001_0032_0054_0031_0031.jpg 1 32 54 31 31
2002_0020_0004_0066_0066.jpg 1 20 4 66 66
2003_0033_0015_0046_0046.jpg 1 33 15 46 46
2004_0022_0018_0038_0038.jpg 1 22 18 38 38
2005_0021_0023_0058_0058.jpg 1 21 23 58 58
2006_0015_0015_0025_0025.jpg 1 15 15 25 25
2007_0016_0018_0066_0066.jpg 1 16 18 66 66
2008_0027_0012_0024_0024.jpg 1 27 12 24 24
2009_0035_0015_0055_0055.jpg 1 35 15 55 55
2010_0032_0015_0034_0034.jpg 1 32 15 34 34
2011_0008_0031_0060_0060.jpg 1 8 31 60 60
2012_0012_0003_0069_0069.jpg 1 12 3 69 69
2013_0021_0019_0053_0053.jpg 1 21 19 53 53
2014_0023_0014_0053_0053.jpg 1 23 14 53 53
2015_0031_0006_0059_0059.jpg 1 31 6 59 59
2016_0018_0019_0051_0051.jpg 1 18 19 51 51
2017_0046_0038_0030_0030.jpg 1 46 38 30 30
2018_0043_0022_0045_0045.jpg 1 43 22 45 45
2019_0044_0032_0033_0033.jpg 1 44 32 33 33
2020_0014_0009_0062_0062.jpg 1 14 9 62 62
2021_0014_0030_0035_0035.jpg 1 14 30 35 35
2022_0021_0013_0067_0067.jpg 1 21 13 67 67
2023_0033_0007_0041_0041.jpg 1 33 7 41 41
2024_0018_0025_0066_0066.jpg 1 18 25 66 66
2025_0009_0020_0033_0033.jpg 1 9 20 33 33
2026_0007_0015_0053_0053.jpg 1 7 15 53 53
2027_0026_0041_0041_0041.jpg 1 26 41 41 41
2028_0025_0045_0030_0030.jpg 1 25 45 30 30
2029_0021_0011_0063_0063.jpg 1 21 11 63 63
2030_0009_0034_0042_0042.jpg 1 9 34 42 42
2031_0052_0057_0025_0025.jpg 1 52 57 25 25
2032_0042_0041_0038_0038.jpg 1 42 41 38 38
2033_0007_0020_0068_0068.jpg 1 7 20 68 68
2034_0019_0016_0033_0033.jpg 1 19 16 33 33
2035_0028_0007_0041_0041.jpg 1 28 7 41 41
2036_0015_0011_0069_0069.jpg 1 15 11 69 69
2037_0014_0027_0051_0051.jpg 1 14 27 51 51
2038_0041_0013_0042_0042.jpg 1 41 13 42 42
2039_0018_0019_0068_0068.jpg 1 18 19 68 68
2040_0011_0009_0045_0045.jpg 1 11 9 45 45
2041_0009_0015_0051_0051.jpg 1 9 15 51 51
2042_0014_0032_0046_0046.jpg 1 14 32 46 46
2043_0035_0024_0046_0046.jpg 1 35 24 46 46
2044_0043_0009_0035_0035.jpg 1 43 9 35 35
2045_0042_0016_0034_0034.jpg 1 42 16 34 34
2046_0023_0006_0069_0069.jpg 1 23 6 69 69
2047_0007_0010_0046_0046.jpg 1 7 10 46 46
2048_0005_0029_0045_0045.jpg 1 5 29 45 45
2049_0021_0023_0050_0050.jpg 1 21 23 50 50
2050_0015_0053_0029_0029.jpg 1 15 53 29 29
2051_0025_0040_0049_0049.jpg 1 25 40 49 49
2052_0038_0042_0043_0043.jpg 1 38 42 43 43
2053_0028_0040_0046_0046.jpg 1 28 40 46 46
2054_0015_0026_0031_0031.jpg 1 15 26 31 31
2055_0047_0033_0039_0039.jpg 1 47 33 39 39
2056_0019_0005_0061_0061.jpg 1 19 5 61 61
2057_0047_0036_0028_0028.jpg 1 47 36 28 28
2058_0007_0037_0043_0043.jpg 1 7 37 43 43
2059_0017_0010_0043_0043.jpg 1 17 10 43 43
2060_0023_0031_0049_0049.jpg 1 23 31 49 49
2061_0030_0040_0035_0035.jpg 1 30 40 35 35
2062_0005_0013_0047_0047.jpg 1 5 13 47 47
2063_0022_0014_0050_0050.jpg 1 22 14 50 50
2064_0020_0035_0051_0051.jpg 1 20 35 51 51
2065_0041_0056_0027_0027.jpg 1 41 56 27 27
2066_0023_0014_0044_0044.jpg 1 23 14 44 44
2067_0036_0035_0049_0049.jpg 1 36 35 49 49
2068_0010_0005_0064_0064.jpg 1 10 5 64 64
2069_0025_0022_0062_0062.jpg 1 25 22 62 62
2070_0041_0024_0044_0044.jpg 1 41 24 44 44
2071_0028_0060_0024_0024.jpg 1 28 60 24 24
2072_0014_0013_0064_0064.jpg 1 14 13 64 64
2073_0024_0016_0066_0066.jpg 1 24 16 66 66
2074_0033_0022_0057_0057.jpg 1 33 22 57 57
2075_0049_0038_0027_0027.jpg 1 49 38 27 27
2076_0031_0009_0060_0060.jpg 1 31 9 60 60
2077_0025_0007_0055_0055.jpg 1 25 7 55 55
2078_0029_0023_0053_0053.jpg 1 29 23 53 53
2079_0018_0010_0069_0069.jpg 1 18 10 69 69
2080_0020_0036_0040_0040.jpg 1 20 36 40 40
2081_0008_0009_0052_0052.jpg 1 8 9 52 52
2082_0020_0041_0030_0030.jpg 1 20 41 30 30
2083_0018_0036_0052_0052.jpg 1 18 36 52 52
2084_0014_0015_0047_0047.jpg 1 14 15 47 47
2085_0019_0053_0028_0028.jpg 1 19 53 28 28
2086_0042_0036_0036_0036.jpg 1 42 36 36 36
2087_0030_0051_0035_0035.jpg 1 30 51 35 35
2088_0026_0028_0031_0031.jpg 1 26 28 31 31
2089_0057_0057_0026_0026.jpg 1 57 57 26 26
2090_0010_0030_0041_0041.jpg 1 10 30 41 41
2091_0031_0017_0046_0046.jpg 1 31 17 46 46
2092_0016_0013_0069_0069.jpg 1 16 13 69 69
2093_0033_0027_0057_0057.jpg 1 33 27 57 57
2094_0045_0009_0026_0026.jpg 1 45 9 26 26
2095_0025_0033_0036_0036.jpg 1 25 33 36 36
2096_0030_0009_0050_0050.jpg 1 30 9 50 50
2097_0009_0038_0046_0046.jpg 1 9 38 46 46
2098_0021_0033_0056_0056.jpg 1 21 33 56 56
2099_0042_0032_0038_0038.jpg 1 42 32 38 38
2100_0009_0028_0050_0050.jpg 1 9 28 50 50
2101_0012_0026_0057_0057.jpg 1 12 26 57 57
2102_0030_0010_0059_0059.jpg 1 30 10 59 59
2103_0028_0024_0053_0053.jpg 1 28 24 53 53
2104_0029_0023_0044_0044.jpg 1 29 23 44 44
2105_0028_0029_0055_0055.jpg 1 28 29 55 55
2106_0044_0050_0025_0025.jpg 1 44 50 25 25
2107_0034_0023_0032_0032.jpg 1 34 23 32 32
2108_0023_0029_0044_0044.jpg 1 23 29 44 44
2109_0043_0032_0045_0045.jpg 1 43 32 45 45
2110_0042_0025_0044_0044.jpg 1 42 25 44 44
2111_0015_0026_0066_0066.jpg 1 15 26 66 66
2112_0021_0008_0060_0060.jpg 1 21 8 60 60
2113_0023_0015_0045_0045.jpg 1 23 15 45 45
2114_0044_0014_0037_0037.jpg 1 44 14 37 37
2115_0023_0022_0049_0049.jpg 1 23 22 49 49
2116_0029_0018_0040_0040.jpg 1 29 18 40 40
2117_0018_0017_0056_0056.jpg 1 18 17 56 56
2118_0029_0028_0052_0052.jpg 1 29 28 52 52
2119_0022_0032_0037_0037.jpg 1 22 32 37 37
2120_0033_0024_0033_0033.jpg 1 33 24 33 33
2121_0023_0034_0053_0053.jpg 1 23 34 53 53
2122_0020_0018_0036_0036.jpg 1 20 18 36 36
2123_0047_0029_0032_0032.jpg 1 47 29 32 32
2124_0016_0027_0059_0059.jpg 1 16 27 59 59
2125_0050_0022_0028_0028.jpg 1 50 22 28 28
2126_0032_0007_0052_0052.jpg 1 32 7 52 52
2127_0028_0006_0041_0041.jpg 1 28 6 41 41
2128_0016_0019_0050_0050.jpg 1 16 19 50 50
2129_0006_0014_0049_0049.jpg 1 6 14 49 49
2130_0017_0021_0041_0041.jpg 1 17 21 41 41
2131_0015_0022_0067_0067.jpg 1 15 22 67 67
2132_0016_0015_0065_0065.jpg 1 16 15 65 65
2133_0019_0010_0063_0063.jpg 1 19 10 63 63
2134_0013_0010_0057_0057.jpg 1 13 10 57 57
2135_0007_0027_0064_0064.jpg 1 7 27 64 64
2136_0015_0007_0027_0027.jpg 1 15 7 27 27
2137_0015_0026_0059_0059.jpg 1 15 26 59 59
2138_0052_0056_0025_0025.jpg 1 52 56 25 25
2139_0021_0005_0055_0055.jpg 1 21 5 55 55
2140_0020_0028_0043_0043.jpg 1 20 28 43 43
2141_0021_0010_0047_0047.jpg 1 21 10 47 47
2142_0025_0024_0050_0050.jpg 1 25 24 50 50
2143_0023_0033_0026_0026.jpg 1 23 33 26 26
2144_0011_0006_0069_0069.jpg 1 11 6 69 69
2145_0039_0006_0050_0050.jpg 1 39 6 50 50
2146_0025_0021_0055_0055.jpg 1 25 21 55 55
2147_0007_0026_0041_0041.jpg 1 7 26 41 41
2148_0004_0027_0066_0066.jpg 1 4 27 66 66
2149_0009_0015_0061_0061.jpg 1 9 15 61 61
2150_0007_0033_0041_0041.jpg 1 7 33 41 41
2151_0015_0022_0062_0062.jpg 1 15 22 62 62
2152_0007_0020_0061_0061.jpg 1 7 20 61 61
2153_0019_0013_0063_0063.jpg 1 19 13 63 63
2154_0020_0022_0024_0024.jpg 1 20 22 24 24
2155_0005_0006_0063_0063.jpg 1 5 6 63 63
2156_0019_0032_0051_0051.jpg 1 19 32 51 51
2157_0014_0028_0047_0047.jpg 1 14 28 47 47
2158_0028_0041_0036_0036.jpg 1 28 41 36 36
2159_0048_0020_0039_0039.jpg 1 48 20 39 39
2160_0018_0037_0053_0053.jpg 1 18 37 53 53
2161_0018_0013_0042_0042.jpg 1 18 13 42 42
2162_0015_0014_0045_0045.jpg 1 15 14 45 45
2163_0007_0027_0034_0034.jpg 1 7 27 34 34
2164_0052_0038_0028_0028.jpg 1 52 38 28 28
2165_0029_0009_0042_0042.jpg 1 29 9 42 42
2166_0034_0026_0040_0040.jpg 1 34 26 40 40
2167_0034_0029_0042_0042.jpg 1 34 29 42 42
2168_0018_0009_0060_0060.jpg 1 18 9 60 60
2169_0023_0018_0027_0027.jpg 1 23 18 27 27
2170_0024_0007_0063_0063.jpg 1 24 7 63 63
2171_0016_0008_0058_0058.jpg 1 16 8 58 58
2172_0028_0028_0064_0064.jpg 1 28 28 64 64
2173_0019_0008_0028_0028.jpg 1 19 8 28 28
2174_0038_0035_0049_0049.jpg 1 38 35 49 49
2175_0038_0010_0029_0029.jpg 1 38 10 29 29
2176_0023_0004_0057_0057.jpg 1 23 4 57 57
2177_0017_0009_0069_0069.jpg 1 17 9 69 69
2178_0042_0037_0025_0025.jpg 1 42 37 25 25
2179_0028_0016_0028_0028.jpg 1 28 16 28 28
2180_0025_0005_0054_0054.jpg 1 25 5 54 54
2181_0040_0030_0041_0041.jpg 1 40 30 41 41
2182_0015_0029_0061_0061.jpg 1 15 29 61 61
2183_0008_0038_0026_0026.jpg 1 8 38 26 26
2184_0027_0027_0047_0047.jpg 1 27 27 47 47
2185_0016_0031_0058_0058.jpg 1 16 31 58 58
2186_0010_0035_0045_0045.jpg 1 10 35 45 45
2187_0032_0021_0054_0054.jpg 1 32 21 54 54
2188_0013_0007_0051_0051.jpg 1 13 7 51 51
2189_0021_0015_0067_0067.jpg 1 21 15 67 67
2190_0029_0042_0042_0042.jpg 1 29 42 42 42
2191_0032_0031_0051_0051.jpg 1 32 31 51 51
2192_0024_0017_0065_0065.jpg 1 24 17 65 65
2193_0025_0005_0067_0067.jpg 1 25 5 67 67
2194_0046_0055_0030_0030.jpg 1 46 55 30 30
2195_0005_0016_0056_0056.jpg 1 5 16 56 56
2196_0016_0032_0047_0047.jpg 1 16 32 47 47
2197_0023_0015_0039_0039.jpg 1 23 15 39 39
2198_0015_0020_0061_0061.jpg 1 15 20 61 61
2199_0008_0035_0048_0048.jpg 1 8 35 48 48
2200_0027_0035_0043_0043.jpg 1 27 35 43 43
